2015-03-30 16:43:18,723 [7] Orchard.Environment.Extensions.ExtensionManager - (null) - No suitable loader found for extension "ivNet.ShowDigs"
2015-03-30 16:45:39,607 [6] Orchard.Environment.Extensions.ExtensionManager - (null) - No suitable loader found for extension "ivNet.ShowDigs"
2015-03-30 17:02:14,248 [6] Orchard.Environment.Extensions.ExtensionManager - (null) - No suitable loader found for extension "ivNet.ShowDigs"
2015-03-30 17:05:03,647 [9] Orchard.Environment.Extensions.ExtensionManager - (null) - No suitable loader found for extension "ivNet.ShowDigs"
2015-03-30 17:54:46,285 [8] Orchard.Environment.DefaultAssemblyLoader - (null) - Error loading assembly 'AutoMapper'
System.IO.FileNotFoundException: Could not load file or assembly 'AutoMapper' or one of its dependencies. The system cannot find the file specified.
File name: 'AutoMapper'
   at System.Reflection.RuntimeAssembly._nLoad(AssemblyName fileName, String codeBase, Evidence assemblySecurity, RuntimeAssembly locationHint, StackCrawlMark& stackMark, IntPtr pPrivHostBinder, Boolean throwOnFileNotFound, Boolean forIntrospection, Boolean suppressSecurityChecks)
   at System.Reflection.RuntimeAssembly.nLoad(AssemblyName fileName, String codeBase, Evidence assemblySecurity, RuntimeAssembly locationHint, StackCrawlMark& stackMark, IntPtr pPrivHostBinder, Boolean throwOnFileNotFound, Boolean forIntrospection, Boolean suppressSecurityChecks)
   at System.Reflection.RuntimeAssembly.InternalLoadAssemblyName(AssemblyName assemblyRef, Evidence assemblySecurity, RuntimeAssembly reqAssembly, StackCrawlMark& stackMark, IntPtr pPrivHostBinder, Boolean throwOnFileNotFound, Boolean forIntrospection, Boolean suppressSecurityChecks)
   at System.Reflection.RuntimeAssembly.InternalLoad(String assemblyString, Evidence assemblySecurity, StackCrawlMark& stackMark, IntPtr pPrivHostBinder, Boolean forIntrospection)
   at System.Reflection.RuntimeAssembly.InternalLoad(String assemblyString, Evidence assemblySecurity, StackCrawlMark& stackMark, Boolean forIntrospection)
   at System.Reflection.Assembly.Load(String assemblyString)
   at Orchard.Environment.DefaultAssemblyLoader.LoadWorker(String shortName, String fullName) in f:\Orchard\www.showdigs.co.uk\src\Orchard\Environment\IAssemblyLoader.cs:line 56
   at Orchard.Environment.DefaultAssemblyLoader.<>c__DisplayClass4.<Load>b__2(String shortName) in f:\Orchard\www.showdigs.co.uk\src\Orchard\Environment\IAssemblyLoader.cs:line 26
   at System.Collections.Concurrent.ConcurrentDictionary`2.GetOrAdd(TKey key, Func`2 valueFactory)
   at Orchard.Environment.DefaultAssemblyLoader.Load(String assemblyName) in f:\Orchard\www.showdigs.co.uk\src\Orchard\Environment\IAssemblyLoader.cs:line 26

=== Pre-bind state information ===
LOG: DisplayName = AutoMapper
 (Partial)
WRN: Partial binding information was supplied for an assembly:
WRN: Assembly Name: AutoMapper | Domain ID: 2
WRN: A partial bind occurs when only part of the assembly display name is provided.
WRN: This might result in the binder loading an incorrect assembly.
WRN: It is recommended to provide a fully specified textual identity for the assembly,
WRN: that consists of the simple name, version, culture, and public key token.
WRN: See whitepaper http://go.microsoft.com/fwlink/?LinkId=109270 for more information and common solutions to this issue.
LOG: Appbase = file:///F:/Orchard/www.showdigs.co.uk/src/Orchard.Web/
LOG: Initial PrivatePath = F:\Orchard\www.showdigs.co.uk\src\Orchard.Web\bin
Calling assembly : Orchard.Framework, Version=1.8.1.0, Culture=neutral, PublicKeyToken=null.
===
LOG: This bind starts in default load context.
LOG: Using application configuration file: F:\Orchard\www.showdigs.co.uk\src\Orchard.Web\web.config
LOG: Using host configuration file: C:\Users\paskeb\Documents\IISExpress\config\aspnet.config
LOG: Using machine configuration file from C:\Windows\Microsoft.NET\Framework\v4.0.30319\config\machine.config.
LOG: Policy not being applied to reference at this time (private, custom, partial, or location-based assembly bind).
LOG: The same bind was seen before, and was failed with hr = 0x80070002.

2015-03-30 17:54:46,317 [8] Orchard.Environment.Extensions.Compilers.DefaultExtensionCompiler - (null) - Assembly reference 'AutoMapper' for project '/Modules/ivNet.Listing/ivNet.Listing.csproj' cannot be loaded
2015-03-30 17:55:02,534 [8] Orchard.Environment.DefaultAssemblyLoader - (null) - Error loading assembly 'AutoMapper'
System.IO.FileNotFoundException: Could not load file or assembly 'AutoMapper' or one of its dependencies. The system cannot find the file specified.
File name: 'AutoMapper'
   at System.Reflection.RuntimeAssembly._nLoad(AssemblyName fileName, String codeBase, Evidence assemblySecurity, RuntimeAssembly locationHint, StackCrawlMark& stackMark, IntPtr pPrivHostBinder, Boolean throwOnFileNotFound, Boolean forIntrospection, Boolean suppressSecurityChecks)
   at System.Reflection.RuntimeAssembly.nLoad(AssemblyName fileName, String codeBase, Evidence assemblySecurity, RuntimeAssembly locationHint, StackCrawlMark& stackMark, IntPtr pPrivHostBinder, Boolean throwOnFileNotFound, Boolean forIntrospection, Boolean suppressSecurityChecks)
   at System.Reflection.RuntimeAssembly.InternalLoadAssemblyName(AssemblyName assemblyRef, Evidence assemblySecurity, RuntimeAssembly reqAssembly, StackCrawlMark& stackMark, IntPtr pPrivHostBinder, Boolean throwOnFileNotFound, Boolean forIntrospection, Boolean suppressSecurityChecks)
   at System.Reflection.RuntimeAssembly.InternalLoad(String assemblyString, Evidence assemblySecurity, StackCrawlMark& stackMark, IntPtr pPrivHostBinder, Boolean forIntrospection)
   at System.Reflection.RuntimeAssembly.InternalLoad(String assemblyString, Evidence assemblySecurity, StackCrawlMark& stackMark, Boolean forIntrospection)
   at System.Reflection.Assembly.Load(String assemblyString)
   at Orchard.Environment.DefaultAssemblyLoader.LoadWorker(String shortName, String fullName) in f:\Orchard\www.showdigs.co.uk\src\Orchard\Environment\IAssemblyLoader.cs:line 56
   at Orchard.Environment.DefaultAssemblyLoader.<>c__DisplayClass4.<Load>b__2(String shortName) in f:\Orchard\www.showdigs.co.uk\src\Orchard\Environment\IAssemblyLoader.cs:line 26
   at System.Collections.Concurrent.ConcurrentDictionary`2.GetOrAdd(TKey key, Func`2 valueFactory)
   at Orchard.Environment.DefaultAssemblyLoader.Load(String assemblyName) in f:\Orchard\www.showdigs.co.uk\src\Orchard\Environment\IAssemblyLoader.cs:line 26

=== Pre-bind state information ===
LOG: DisplayName = AutoMapper
 (Partial)
WRN: Partial binding information was supplied for an assembly:
WRN: Assembly Name: AutoMapper | Domain ID: 2
WRN: A partial bind occurs when only part of the assembly display name is provided.
WRN: This might result in the binder loading an incorrect assembly.
WRN: It is recommended to provide a fully specified textual identity for the assembly,
WRN: that consists of the simple name, version, culture, and public key token.
WRN: See whitepaper http://go.microsoft.com/fwlink/?LinkId=109270 for more information and common solutions to this issue.
LOG: Appbase = file:///F:/Orchard/www.showdigs.co.uk/src/Orchard.Web/
LOG: Initial PrivatePath = F:\Orchard\www.showdigs.co.uk\src\Orchard.Web\bin
Calling assembly : Orchard.Framework, Version=1.8.1.0, Culture=neutral, PublicKeyToken=null.
===
LOG: This bind starts in default load context.
LOG: Using application configuration file: F:\Orchard\www.showdigs.co.uk\src\Orchard.Web\web.config
LOG: Using host configuration file: C:\Users\paskeb\Documents\IISExpress\config\aspnet.config
LOG: Using machine configuration file from C:\Windows\Microsoft.NET\Framework\v4.0.30319\config\machine.config.
LOG: Policy not being applied to reference at this time (private, custom, partial, or location-based assembly bind).
LOG: The same bind was seen before, and was failed with hr = 0x80070002.

2015-03-30 17:55:02,541 [8] Orchard.Environment.Extensions.Compilers.DefaultExtensionCompiler - (null) - Assembly reference 'AutoMapper' for project '/Modules/ivNet.Listing/ivNet.Listing.csproj' cannot be loaded
2015-03-30 17:55:04,779 [8] Orchard.Environment.DefaultBuildManager - (null) - Error when compiling assembly under ~/Modules/ivNet.Listing/ivNet.Listing.csproj.
System.Web.HttpParseException (0x80004005): Error compiling module "ivNet.Listing" from file "/Modules/ivNet.Listing/ivNet.Listing.csproj":
Assembly reference 'AutoMapper' for project '/Modules/ivNet.Listing/ivNet.Listing.csproj' cannot be loaded ---> Orchard.OrchardCoreException: Error compiling module "ivNet.Listing" from file "/Modules/ivNet.Listing/ivNet.Listing.csproj":
Assembly reference 'AutoMapper' for project '/Modules/ivNet.Listing/ivNet.Listing.csproj' cannot be loaded ---> Orchard.OrchardCoreException: Assembly reference 'AutoMapper' for project '/Modules/ivNet.Listing/ivNet.Listing.csproj' cannot be loaded
   at Orchard.Environment.Extensions.Compilers.DefaultExtensionCompiler.Compile(CompileExtensionContext context) in f:\Orchard\www.showdigs.co.uk\src\Orchard\Environment\Extensions\Compilers\DefaultExtensionCompiler.cs:line 105
   --- End of inner exception stack trace ---
   at Orchard.Environment.Extensions.Compilers.DefaultExtensionCompiler.Compile(CompileExtensionContext context) in f:\Orchard\www.showdigs.co.uk\src\Orchard\Environment\Extensions\Compilers\DefaultExtensionCompiler.cs:line 112
   at Orchard.Environment.Extensions.Compilers.CSharpExtensionBuildProviderShim.GenerateCode(AssemblyBuilder assemblyBuilder) in f:\Orchard\www.showdigs.co.uk\src\Orchard\Environment\Extensions\Compilers\CSharpExtensionBuildProviderShim.cs:line 32
   at System.Web.Compilation.AssemblyBuilder.AddBuildProvider(BuildProvider buildProvider)
   at System.Web.Compilation.AssemblyBuilder.AddBuildProvider(BuildProvider buildProvider)
   at System.Web.Compilation.BuildProvidersCompiler.ProcessBuildProviders()
   at System.Web.Compilation.BuildProvidersCompiler.PerformBuild()
   at System.Web.Compilation.BuildManager.CompileWebFile(VirtualPath virtualPath)
   at System.Web.Compilation.BuildManager.GetVPathBuildResultInternal(VirtualPath virtualPath, Boolean noBuild, Boolean allowCrossApp, Boolean allowBuildInPrecompile, Boolean throwIfNotFound, Boolean ensureIsUpToDate)
   at System.Web.Compilation.BuildManager.GetVPathBuildResultWithNoAssert(HttpContext context, VirtualPath virtualPath, Boolean noBuild, Boolean allowCrossApp, Boolean allowBuildInPrecompile, Boolean throwIfNotFound, Boolean ensureIsUpToDate)
   at System.Web.Compilation.BuildManager.GetVPathBuildResult(HttpContext context, VirtualPath virtualPath, Boolean noBuild, Boolean allowCrossApp, Boolean allowBuildInPrecompile, Boolean ensureIsUpToDate)
   at System.Web.Compilation.BuildManager.GetCompiledAssembly(String virtualPath)
   at Orchard.Environment.DefaultBuildManager.GetCompiledAssembly(String virtualPath) in f:\Orchard\www.showdigs.co.uk\src\Orchard\Environment\IBuildManager.cs:line 53
2015-03-30 17:55:04,785 [8] Orchard.Environment.Extensions.ExtensionManager - (null) - No suitable loader found for extension "ivNet.Listing"
2015-03-30 17:55:05,301 [6] Orchard.Environment.Extensions.ExtensionManager - (null) - No suitable loader found for extension "ivNet.ShowDigs"
2015-03-30 17:55:13,366 [7] Orchard.Environment.DefaultAssemblyLoader - (null) - Error loading assembly 'AutoMapper'
System.IO.FileNotFoundException: Could not load file or assembly 'AutoMapper' or one of its dependencies. The system cannot find the file specified.
File name: 'AutoMapper'
   at System.Reflection.RuntimeAssembly._nLoad(AssemblyName fileName, String codeBase, Evidence assemblySecurity, RuntimeAssembly locationHint, StackCrawlMark& stackMark, IntPtr pPrivHostBinder, Boolean throwOnFileNotFound, Boolean forIntrospection, Boolean suppressSecurityChecks)
   at System.Reflection.RuntimeAssembly.nLoad(AssemblyName fileName, String codeBase, Evidence assemblySecurity, RuntimeAssembly locationHint, StackCrawlMark& stackMark, IntPtr pPrivHostBinder, Boolean throwOnFileNotFound, Boolean forIntrospection, Boolean suppressSecurityChecks)
   at System.Reflection.RuntimeAssembly.InternalLoadAssemblyName(AssemblyName assemblyRef, Evidence assemblySecurity, RuntimeAssembly reqAssembly, StackCrawlMark& stackMark, IntPtr pPrivHostBinder, Boolean throwOnFileNotFound, Boolean forIntrospection, Boolean suppressSecurityChecks)
   at System.Reflection.RuntimeAssembly.InternalLoad(String assemblyString, Evidence assemblySecurity, StackCrawlMark& stackMark, IntPtr pPrivHostBinder, Boolean forIntrospection)
   at System.Reflection.RuntimeAssembly.InternalLoad(String assemblyString, Evidence assemblySecurity, StackCrawlMark& stackMark, Boolean forIntrospection)
   at System.Reflection.Assembly.Load(String assemblyString)
   at Orchard.Environment.DefaultAssemblyLoader.LoadWorker(String shortName, String fullName) in f:\Orchard\www.showdigs.co.uk\src\Orchard\Environment\IAssemblyLoader.cs:line 56
   at Orchard.Environment.DefaultAssemblyLoader.<>c__DisplayClass4.<Load>b__2(String shortName) in f:\Orchard\www.showdigs.co.uk\src\Orchard\Environment\IAssemblyLoader.cs:line 26
   at System.Collections.Concurrent.ConcurrentDictionary`2.GetOrAdd(TKey key, Func`2 valueFactory)
   at Orchard.Environment.DefaultAssemblyLoader.Load(String assemblyName) in f:\Orchard\www.showdigs.co.uk\src\Orchard\Environment\IAssemblyLoader.cs:line 26

=== Pre-bind state information ===
LOG: DisplayName = AutoMapper
 (Partial)
WRN: Partial binding information was supplied for an assembly:
WRN: Assembly Name: AutoMapper | Domain ID: 2
WRN: A partial bind occurs when only part of the assembly display name is provided.
WRN: This might result in the binder loading an incorrect assembly.
WRN: It is recommended to provide a fully specified textual identity for the assembly,
WRN: that consists of the simple name, version, culture, and public key token.
WRN: See whitepaper http://go.microsoft.com/fwlink/?LinkId=109270 for more information and common solutions to this issue.
LOG: Appbase = file:///F:/Orchard/www.showdigs.co.uk/src/Orchard.Web/
LOG: Initial PrivatePath = F:\Orchard\www.showdigs.co.uk\src\Orchard.Web\bin
Calling assembly : Orchard.Framework, Version=1.8.1.0, Culture=neutral, PublicKeyToken=null.
===
LOG: This bind starts in default load context.
LOG: Using application configuration file: F:\Orchard\www.showdigs.co.uk\src\Orchard.Web\web.config
LOG: Using host configuration file: C:\Users\paskeb\Documents\IISExpress\config\aspnet.config
LOG: Using machine configuration file from C:\Windows\Microsoft.NET\Framework\v4.0.30319\config\machine.config.
LOG: Policy not being applied to reference at this time (private, custom, partial, or location-based assembly bind).
LOG: The same bind was seen before, and was failed with hr = 0x80070002.

2015-03-30 17:55:13,373 [7] Orchard.Environment.Extensions.Compilers.DefaultExtensionCompiler - (null) - Assembly reference 'AutoMapper' for project '/Modules/ivNet.Listing/ivNet.Listing.csproj' cannot be loaded
2015-03-30 17:55:17,162 [7] Orchard.Environment.DefaultAssemblyLoader - (null) - Error loading assembly 'AutoMapper'
System.IO.FileNotFoundException: Could not load file or assembly 'AutoMapper' or one of its dependencies. The system cannot find the file specified.
File name: 'AutoMapper'
   at System.Reflection.RuntimeAssembly._nLoad(AssemblyName fileName, String codeBase, Evidence assemblySecurity, RuntimeAssembly locationHint, StackCrawlMark& stackMark, IntPtr pPrivHostBinder, Boolean throwOnFileNotFound, Boolean forIntrospection, Boolean suppressSecurityChecks)
   at System.Reflection.RuntimeAssembly.nLoad(AssemblyName fileName, String codeBase, Evidence assemblySecurity, RuntimeAssembly locationHint, StackCrawlMark& stackMark, IntPtr pPrivHostBinder, Boolean throwOnFileNotFound, Boolean forIntrospection, Boolean suppressSecurityChecks)
   at System.Reflection.RuntimeAssembly.InternalLoadAssemblyName(AssemblyName assemblyRef, Evidence assemblySecurity, RuntimeAssembly reqAssembly, StackCrawlMark& stackMark, IntPtr pPrivHostBinder, Boolean throwOnFileNotFound, Boolean forIntrospection, Boolean suppressSecurityChecks)
   at System.Reflection.RuntimeAssembly.InternalLoad(String assemblyString, Evidence assemblySecurity, StackCrawlMark& stackMark, IntPtr pPrivHostBinder, Boolean forIntrospection)
   at System.Reflection.RuntimeAssembly.InternalLoad(String assemblyString, Evidence assemblySecurity, StackCrawlMark& stackMark, Boolean forIntrospection)
   at System.Reflection.Assembly.Load(String assemblyString)
   at Orchard.Environment.DefaultAssemblyLoader.LoadWorker(String shortName, String fullName) in f:\Orchard\www.showdigs.co.uk\src\Orchard\Environment\IAssemblyLoader.cs:line 56
   at Orchard.Environment.DefaultAssemblyLoader.<>c__DisplayClass4.<Load>b__2(String shortName) in f:\Orchard\www.showdigs.co.uk\src\Orchard\Environment\IAssemblyLoader.cs:line 26
   at System.Collections.Concurrent.ConcurrentDictionary`2.GetOrAdd(TKey key, Func`2 valueFactory)
   at Orchard.Environment.DefaultAssemblyLoader.Load(String assemblyName) in f:\Orchard\www.showdigs.co.uk\src\Orchard\Environment\IAssemblyLoader.cs:line 26

=== Pre-bind state information ===
LOG: DisplayName = AutoMapper
 (Partial)
WRN: Partial binding information was supplied for an assembly:
WRN: Assembly Name: AutoMapper | Domain ID: 2
WRN: A partial bind occurs when only part of the assembly display name is provided.
WRN: This might result in the binder loading an incorrect assembly.
WRN: It is recommended to provide a fully specified textual identity for the assembly,
WRN: that consists of the simple name, version, culture, and public key token.
WRN: See whitepaper http://go.microsoft.com/fwlink/?LinkId=109270 for more information and common solutions to this issue.
LOG: Appbase = file:///F:/Orchard/www.showdigs.co.uk/src/Orchard.Web/
LOG: Initial PrivatePath = F:\Orchard\www.showdigs.co.uk\src\Orchard.Web\bin
Calling assembly : Orchard.Framework, Version=1.8.1.0, Culture=neutral, PublicKeyToken=null.
===
LOG: This bind starts in default load context.
LOG: Using application configuration file: F:\Orchard\www.showdigs.co.uk\src\Orchard.Web\web.config
LOG: Using host configuration file: C:\Users\paskeb\Documents\IISExpress\config\aspnet.config
LOG: Using machine configuration file from C:\Windows\Microsoft.NET\Framework\v4.0.30319\config\machine.config.
LOG: Policy not being applied to reference at this time (private, custom, partial, or location-based assembly bind).
LOG: The same bind was seen before, and was failed with hr = 0x80070002.

2015-03-30 17:55:17,170 [7] Orchard.Environment.Extensions.Compilers.DefaultExtensionCompiler - (null) - Assembly reference 'AutoMapper' for project '/Modules/ivNet.Listing/ivNet.Listing.csproj' cannot be loaded
2015-03-30 17:55:18,409 [7] Orchard.Environment.DefaultBuildManager - (null) - Error when compiling assembly under ~/Modules/ivNet.Listing/ivNet.Listing.csproj.
System.Web.HttpParseException (0x80004005): Error compiling module "ivNet.Listing" from file "/Modules/ivNet.Listing/ivNet.Listing.csproj":
Assembly reference 'AutoMapper' for project '/Modules/ivNet.Listing/ivNet.Listing.csproj' cannot be loaded ---> Orchard.OrchardCoreException: Error compiling module "ivNet.Listing" from file "/Modules/ivNet.Listing/ivNet.Listing.csproj":
Assembly reference 'AutoMapper' for project '/Modules/ivNet.Listing/ivNet.Listing.csproj' cannot be loaded ---> Orchard.OrchardCoreException: Assembly reference 'AutoMapper' for project '/Modules/ivNet.Listing/ivNet.Listing.csproj' cannot be loaded
   at Orchard.Environment.Extensions.Compilers.DefaultExtensionCompiler.Compile(CompileExtensionContext context) in f:\Orchard\www.showdigs.co.uk\src\Orchard\Environment\Extensions\Compilers\DefaultExtensionCompiler.cs:line 105
   --- End of inner exception stack trace ---
   at Orchard.Environment.Extensions.Compilers.DefaultExtensionCompiler.Compile(CompileExtensionContext context) in f:\Orchard\www.showdigs.co.uk\src\Orchard\Environment\Extensions\Compilers\DefaultExtensionCompiler.cs:line 112
   at Orchard.Environment.Extensions.Compilers.CSharpExtensionBuildProviderShim.GenerateCode(AssemblyBuilder assemblyBuilder) in f:\Orchard\www.showdigs.co.uk\src\Orchard\Environment\Extensions\Compilers\CSharpExtensionBuildProviderShim.cs:line 32
   at System.Web.Compilation.AssemblyBuilder.AddBuildProvider(BuildProvider buildProvider)
   at System.Web.Compilation.AssemblyBuilder.AddBuildProvider(BuildProvider buildProvider)
   at System.Web.Compilation.BuildProvidersCompiler.ProcessBuildProviders()
   at System.Web.Compilation.BuildProvidersCompiler.PerformBuild()
   at System.Web.Compilation.BuildManager.CompileWebFile(VirtualPath virtualPath)
   at System.Web.Compilation.BuildManager.GetVPathBuildResultInternal(VirtualPath virtualPath, Boolean noBuild, Boolean allowCrossApp, Boolean allowBuildInPrecompile, Boolean throwIfNotFound, Boolean ensureIsUpToDate)
   at System.Web.Compilation.BuildManager.GetVPathBuildResultWithNoAssert(HttpContext context, VirtualPath virtualPath, Boolean noBuild, Boolean allowCrossApp, Boolean allowBuildInPrecompile, Boolean throwIfNotFound, Boolean ensureIsUpToDate)
   at System.Web.Compilation.BuildManager.GetVPathBuildResult(HttpContext context, VirtualPath virtualPath, Boolean noBuild, Boolean allowCrossApp, Boolean allowBuildInPrecompile, Boolean ensureIsUpToDate)
   at System.Web.Compilation.BuildManager.GetCompiledAssembly(String virtualPath)
   at Orchard.Environment.DefaultBuildManager.GetCompiledAssembly(String virtualPath) in f:\Orchard\www.showdigs.co.uk\src\Orchard\Environment\IBuildManager.cs:line 53
2015-03-30 17:55:18,722 [7] Orchard.Environment.DefaultAssemblyLoader - (null) - Error loading assembly 'AutoMapper'
System.IO.FileNotFoundException: Could not load file or assembly 'AutoMapper' or one of its dependencies. The system cannot find the file specified.
File name: 'AutoMapper'
   at System.Reflection.RuntimeAssembly._nLoad(AssemblyName fileName, String codeBase, Evidence assemblySecurity, RuntimeAssembly locationHint, StackCrawlMark& stackMark, IntPtr pPrivHostBinder, Boolean throwOnFileNotFound, Boolean forIntrospection, Boolean suppressSecurityChecks)
   at System.Reflection.RuntimeAssembly.nLoad(AssemblyName fileName, String codeBase, Evidence assemblySecurity, RuntimeAssembly locationHint, StackCrawlMark& stackMark, IntPtr pPrivHostBinder, Boolean throwOnFileNotFound, Boolean forIntrospection, Boolean suppressSecurityChecks)
   at System.Reflection.RuntimeAssembly.InternalLoadAssemblyName(AssemblyName assemblyRef, Evidence assemblySecurity, RuntimeAssembly reqAssembly, StackCrawlMark& stackMark, IntPtr pPrivHostBinder, Boolean throwOnFileNotFound, Boolean forIntrospection, Boolean suppressSecurityChecks)
   at System.Reflection.RuntimeAssembly.InternalLoad(String assemblyString, Evidence assemblySecurity, StackCrawlMark& stackMark, IntPtr pPrivHostBinder, Boolean forIntrospection)
   at System.Reflection.RuntimeAssembly.InternalLoad(String assemblyString, Evidence assemblySecurity, StackCrawlMark& stackMark, Boolean forIntrospection)
   at System.Reflection.Assembly.Load(String assemblyString)
   at Orchard.Environment.DefaultAssemblyLoader.LoadWorker(String shortName, String fullName) in f:\Orchard\www.showdigs.co.uk\src\Orchard\Environment\IAssemblyLoader.cs:line 56
   at Orchard.Environment.DefaultAssemblyLoader.<>c__DisplayClass4.<Load>b__2(String shortName) in f:\Orchard\www.showdigs.co.uk\src\Orchard\Environment\IAssemblyLoader.cs:line 26
   at System.Collections.Concurrent.ConcurrentDictionary`2.GetOrAdd(TKey key, Func`2 valueFactory)
   at Orchard.Environment.DefaultAssemblyLoader.Load(String assemblyName) in f:\Orchard\www.showdigs.co.uk\src\Orchard\Environment\IAssemblyLoader.cs:line 26

=== Pre-bind state information ===
LOG: DisplayName = AutoMapper
 (Partial)
WRN: Partial binding information was supplied for an assembly:
WRN: Assembly Name: AutoMapper | Domain ID: 2
WRN: A partial bind occurs when only part of the assembly display name is provided.
WRN: This might result in the binder loading an incorrect assembly.
WRN: It is recommended to provide a fully specified textual identity for the assembly,
WRN: that consists of the simple name, version, culture, and public key token.
WRN: See whitepaper http://go.microsoft.com/fwlink/?LinkId=109270 for more information and common solutions to this issue.
LOG: Appbase = file:///F:/Orchard/www.showdigs.co.uk/src/Orchard.Web/
LOG: Initial PrivatePath = F:\Orchard\www.showdigs.co.uk\src\Orchard.Web\bin
Calling assembly : Orchard.Framework, Version=1.8.1.0, Culture=neutral, PublicKeyToken=null.
===
LOG: This bind starts in default load context.
LOG: Using application configuration file: F:\Orchard\www.showdigs.co.uk\src\Orchard.Web\web.config
LOG: Using host configuration file: C:\Users\paskeb\Documents\IISExpress\config\aspnet.config
LOG: Using machine configuration file from C:\Windows\Microsoft.NET\Framework\v4.0.30319\config\machine.config.
LOG: Policy not being applied to reference at this time (private, custom, partial, or location-based assembly bind).
LOG: The same bind was seen before, and was failed with hr = 0x80070002.

2015-03-30 17:55:18,729 [7] Orchard.Environment.Extensions.Compilers.DefaultExtensionCompiler - (null) - Assembly reference 'AutoMapper' for project '/Modules/ivNet.Listing/ivNet.Listing.csproj' cannot be loaded
2015-03-30 17:55:20,025 [7] Orchard.Environment.DefaultBuildManager - (null) - Error when compiling assembly under ~/Modules/ivNet.Listing/ivNet.Listing.csproj.
System.Web.HttpParseException (0x80004005): Error compiling module "ivNet.Listing" from file "/Modules/ivNet.Listing/ivNet.Listing.csproj":
Assembly reference 'AutoMapper' for project '/Modules/ivNet.Listing/ivNet.Listing.csproj' cannot be loaded ---> Orchard.OrchardCoreException: Error compiling module "ivNet.Listing" from file "/Modules/ivNet.Listing/ivNet.Listing.csproj":
Assembly reference 'AutoMapper' for project '/Modules/ivNet.Listing/ivNet.Listing.csproj' cannot be loaded ---> Orchard.OrchardCoreException: Assembly reference 'AutoMapper' for project '/Modules/ivNet.Listing/ivNet.Listing.csproj' cannot be loaded
   at Orchard.Environment.Extensions.Compilers.DefaultExtensionCompiler.Compile(CompileExtensionContext context) in f:\Orchard\www.showdigs.co.uk\src\Orchard\Environment\Extensions\Compilers\DefaultExtensionCompiler.cs:line 105
   --- End of inner exception stack trace ---
   at Orchard.Environment.Extensions.Compilers.DefaultExtensionCompiler.Compile(CompileExtensionContext context) in f:\Orchard\www.showdigs.co.uk\src\Orchard\Environment\Extensions\Compilers\DefaultExtensionCompiler.cs:line 112
   at Orchard.Environment.Extensions.Compilers.CSharpExtensionBuildProviderShim.GenerateCode(AssemblyBuilder assemblyBuilder) in f:\Orchard\www.showdigs.co.uk\src\Orchard\Environment\Extensions\Compilers\CSharpExtensionBuildProviderShim.cs:line 32
   at System.Web.Compilation.AssemblyBuilder.AddBuildProvider(BuildProvider buildProvider)
   at System.Web.Compilation.AssemblyBuilder.AddBuildProvider(BuildProvider buildProvider)
   at System.Web.Compilation.BuildProvidersCompiler.ProcessBuildProviders()
   at System.Web.Compilation.BuildProvidersCompiler.PerformBuild()
   at System.Web.Compilation.BuildManager.CompileWebFile(VirtualPath virtualPath)
   at System.Web.Compilation.BuildManager.GetVPathBuildResultInternal(VirtualPath virtualPath, Boolean noBuild, Boolean allowCrossApp, Boolean allowBuildInPrecompile, Boolean throwIfNotFound, Boolean ensureIsUpToDate)
   at System.Web.Compilation.BuildManager.GetVPathBuildResultWithNoAssert(HttpContext context, VirtualPath virtualPath, Boolean noBuild, Boolean allowCrossApp, Boolean allowBuildInPrecompile, Boolean throwIfNotFound, Boolean ensureIsUpToDate)
   at System.Web.Compilation.BuildManager.GetVPathBuildResult(HttpContext context, VirtualPath virtualPath, Boolean noBuild, Boolean allowCrossApp, Boolean allowBuildInPrecompile, Boolean ensureIsUpToDate)
   at System.Web.Compilation.BuildManager.GetCompiledAssembly(String virtualPath)
   at Orchard.Environment.DefaultBuildManager.GetCompiledAssembly(String virtualPath) in f:\Orchard\www.showdigs.co.uk\src\Orchard\Environment\IBuildManager.cs:line 53
2015-03-30 17:55:20,161 [7] Orchard.Environment.DefaultAssemblyLoader - (null) - Error loading assembly 'AutoMapper'
System.IO.FileNotFoundException: Could not load file or assembly 'AutoMapper' or one of its dependencies. The system cannot find the file specified.
File name: 'AutoMapper'
   at System.Reflection.RuntimeAssembly._nLoad(AssemblyName fileName, String codeBase, Evidence assemblySecurity, RuntimeAssembly locationHint, StackCrawlMark& stackMark, IntPtr pPrivHostBinder, Boolean throwOnFileNotFound, Boolean forIntrospection, Boolean suppressSecurityChecks)
   at System.Reflection.RuntimeAssembly.nLoad(AssemblyName fileName, String codeBase, Evidence assemblySecurity, RuntimeAssembly locationHint, StackCrawlMark& stackMark, IntPtr pPrivHostBinder, Boolean throwOnFileNotFound, Boolean forIntrospection, Boolean suppressSecurityChecks)
   at System.Reflection.RuntimeAssembly.InternalLoadAssemblyName(AssemblyName assemblyRef, Evidence assemblySecurity, RuntimeAssembly reqAssembly, StackCrawlMark& stackMark, IntPtr pPrivHostBinder, Boolean throwOnFileNotFound, Boolean forIntrospection, Boolean suppressSecurityChecks)
   at System.Reflection.RuntimeAssembly.InternalLoad(String assemblyString, Evidence assemblySecurity, StackCrawlMark& stackMark, IntPtr pPrivHostBinder, Boolean forIntrospection)
   at System.Reflection.RuntimeAssembly.InternalLoad(String assemblyString, Evidence assemblySecurity, StackCrawlMark& stackMark, Boolean forIntrospection)
   at System.Reflection.Assembly.Load(String assemblyString)
   at Orchard.Environment.DefaultAssemblyLoader.LoadWorker(String shortName, String fullName) in f:\Orchard\www.showdigs.co.uk\src\Orchard\Environment\IAssemblyLoader.cs:line 56
   at Orchard.Environment.DefaultAssemblyLoader.<>c__DisplayClass4.<Load>b__2(String shortName) in f:\Orchard\www.showdigs.co.uk\src\Orchard\Environment\IAssemblyLoader.cs:line 26
   at System.Collections.Concurrent.ConcurrentDictionary`2.GetOrAdd(TKey key, Func`2 valueFactory)
   at Orchard.Environment.DefaultAssemblyLoader.Load(String assemblyName) in f:\Orchard\www.showdigs.co.uk\src\Orchard\Environment\IAssemblyLoader.cs:line 26

=== Pre-bind state information ===
LOG: DisplayName = AutoMapper
 (Partial)
WRN: Partial binding information was supplied for an assembly:
WRN: Assembly Name: AutoMapper | Domain ID: 2
WRN: A partial bind occurs when only part of the assembly display name is provided.
WRN: This might result in the binder loading an incorrect assembly.
WRN: It is recommended to provide a fully specified textual identity for the assembly,
WRN: that consists of the simple name, version, culture, and public key token.
WRN: See whitepaper http://go.microsoft.com/fwlink/?LinkId=109270 for more information and common solutions to this issue.
LOG: Appbase = file:///F:/Orchard/www.showdigs.co.uk/src/Orchard.Web/
LOG: Initial PrivatePath = F:\Orchard\www.showdigs.co.uk\src\Orchard.Web\bin
Calling assembly : Orchard.Framework, Version=1.8.1.0, Culture=neutral, PublicKeyToken=null.
===
LOG: This bind starts in default load context.
LOG: Using application configuration file: F:\Orchard\www.showdigs.co.uk\src\Orchard.Web\web.config
LOG: Using host configuration file: C:\Users\paskeb\Documents\IISExpress\config\aspnet.config
LOG: Using machine configuration file from C:\Windows\Microsoft.NET\Framework\v4.0.30319\config\machine.config.
LOG: Policy not being applied to reference at this time (private, custom, partial, or location-based assembly bind).
LOG: The same bind was seen before, and was failed with hr = 0x80070002.

2015-03-30 17:55:20,167 [7] Orchard.Environment.Extensions.Compilers.DefaultExtensionCompiler - (null) - Assembly reference 'AutoMapper' for project '/Modules/ivNet.Listing/ivNet.Listing.csproj' cannot be loaded
2015-03-30 17:55:21,351 [7] Orchard.Environment.DefaultBuildManager - (null) - Error when compiling assembly under ~/Modules/ivNet.Listing/ivNet.Listing.csproj.
System.Web.HttpParseException (0x80004005): Error compiling module "ivNet.Listing" from file "/Modules/ivNet.Listing/ivNet.Listing.csproj":
Assembly reference 'AutoMapper' for project '/Modules/ivNet.Listing/ivNet.Listing.csproj' cannot be loaded ---> Orchard.OrchardCoreException: Error compiling module "ivNet.Listing" from file "/Modules/ivNet.Listing/ivNet.Listing.csproj":
Assembly reference 'AutoMapper' for project '/Modules/ivNet.Listing/ivNet.Listing.csproj' cannot be loaded ---> Orchard.OrchardCoreException: Assembly reference 'AutoMapper' for project '/Modules/ivNet.Listing/ivNet.Listing.csproj' cannot be loaded
   at Orchard.Environment.Extensions.Compilers.DefaultExtensionCompiler.Compile(CompileExtensionContext context) in f:\Orchard\www.showdigs.co.uk\src\Orchard\Environment\Extensions\Compilers\DefaultExtensionCompiler.cs:line 105
   --- End of inner exception stack trace ---
   at Orchard.Environment.Extensions.Compilers.DefaultExtensionCompiler.Compile(CompileExtensionContext context) in f:\Orchard\www.showdigs.co.uk\src\Orchard\Environment\Extensions\Compilers\DefaultExtensionCompiler.cs:line 112
   at Orchard.Environment.Extensions.Compilers.CSharpExtensionBuildProviderShim.GenerateCode(AssemblyBuilder assemblyBuilder) in f:\Orchard\www.showdigs.co.uk\src\Orchard\Environment\Extensions\Compilers\CSharpExtensionBuildProviderShim.cs:line 32
   at System.Web.Compilation.AssemblyBuilder.AddBuildProvider(BuildProvider buildProvider)
   at System.Web.Compilation.AssemblyBuilder.AddBuildProvider(BuildProvider buildProvider)
   at System.Web.Compilation.BuildProvidersCompiler.ProcessBuildProviders()
   at System.Web.Compilation.BuildProvidersCompiler.PerformBuild()
   at System.Web.Compilation.BuildManager.CompileWebFile(VirtualPath virtualPath)
   at System.Web.Compilation.BuildManager.GetVPathBuildResultInternal(VirtualPath virtualPath, Boolean noBuild, Boolean allowCrossApp, Boolean allowBuildInPrecompile, Boolean throwIfNotFound, Boolean ensureIsUpToDate)
   at System.Web.Compilation.BuildManager.GetVPathBuildResultWithNoAssert(HttpContext context, VirtualPath virtualPath, Boolean noBuild, Boolean allowCrossApp, Boolean allowBuildInPrecompile, Boolean throwIfNotFound, Boolean ensureIsUpToDate)
   at System.Web.Compilation.BuildManager.GetVPathBuildResult(HttpContext context, VirtualPath virtualPath, Boolean noBuild, Boolean allowCrossApp, Boolean allowBuildInPrecompile, Boolean ensureIsUpToDate)
   at System.Web.Compilation.BuildManager.GetCompiledAssembly(String virtualPath)
   at Orchard.Environment.DefaultBuildManager.GetCompiledAssembly(String virtualPath) in f:\Orchard\www.showdigs.co.uk\src\Orchard\Environment\IBuildManager.cs:line 53
2015-03-30 17:55:21,490 [7] Orchard.Environment.DefaultAssemblyLoader - (null) - Error loading assembly 'AutoMapper'
System.IO.FileNotFoundException: Could not load file or assembly 'AutoMapper' or one of its dependencies. The system cannot find the file specified.
File name: 'AutoMapper'
   at System.Reflection.RuntimeAssembly._nLoad(AssemblyName fileName, String codeBase, Evidence assemblySecurity, RuntimeAssembly locationHint, StackCrawlMark& stackMark, IntPtr pPrivHostBinder, Boolean throwOnFileNotFound, Boolean forIntrospection, Boolean suppressSecurityChecks)
   at System.Reflection.RuntimeAssembly.nLoad(AssemblyName fileName, String codeBase, Evidence assemblySecurity, RuntimeAssembly locationHint, StackCrawlMark& stackMark, IntPtr pPrivHostBinder, Boolean throwOnFileNotFound, Boolean forIntrospection, Boolean suppressSecurityChecks)
   at System.Reflection.RuntimeAssembly.InternalLoadAssemblyName(AssemblyName assemblyRef, Evidence assemblySecurity, RuntimeAssembly reqAssembly, StackCrawlMark& stackMark, IntPtr pPrivHostBinder, Boolean throwOnFileNotFound, Boolean forIntrospection, Boolean suppressSecurityChecks)
   at System.Reflection.RuntimeAssembly.InternalLoad(String assemblyString, Evidence assemblySecurity, StackCrawlMark& stackMark, IntPtr pPrivHostBinder, Boolean forIntrospection)
   at System.Reflection.RuntimeAssembly.InternalLoad(String assemblyString, Evidence assemblySecurity, StackCrawlMark& stackMark, Boolean forIntrospection)
   at System.Reflection.Assembly.Load(String assemblyString)
   at Orchard.Environment.DefaultAssemblyLoader.LoadWorker(String shortName, String fullName) in f:\Orchard\www.showdigs.co.uk\src\Orchard\Environment\IAssemblyLoader.cs:line 56
   at Orchard.Environment.DefaultAssemblyLoader.<>c__DisplayClass4.<Load>b__2(String shortName) in f:\Orchard\www.showdigs.co.uk\src\Orchard\Environment\IAssemblyLoader.cs:line 26
   at System.Collections.Concurrent.ConcurrentDictionary`2.GetOrAdd(TKey key, Func`2 valueFactory)
   at Orchard.Environment.DefaultAssemblyLoader.Load(String assemblyName) in f:\Orchard\www.showdigs.co.uk\src\Orchard\Environment\IAssemblyLoader.cs:line 26

=== Pre-bind state information ===
LOG: DisplayName = AutoMapper
 (Partial)
WRN: Partial binding information was supplied for an assembly:
WRN: Assembly Name: AutoMapper | Domain ID: 2
WRN: A partial bind occurs when only part of the assembly display name is provided.
WRN: This might result in the binder loading an incorrect assembly.
WRN: It is recommended to provide a fully specified textual identity for the assembly,
WRN: that consists of the simple name, version, culture, and public key token.
WRN: See whitepaper http://go.microsoft.com/fwlink/?LinkId=109270 for more information and common solutions to this issue.
LOG: Appbase = file:///F:/Orchard/www.showdigs.co.uk/src/Orchard.Web/
LOG: Initial PrivatePath = F:\Orchard\www.showdigs.co.uk\src\Orchard.Web\bin
Calling assembly : Orchard.Framework, Version=1.8.1.0, Culture=neutral, PublicKeyToken=null.
===
LOG: This bind starts in default load context.
LOG: Using application configuration file: F:\Orchard\www.showdigs.co.uk\src\Orchard.Web\web.config
LOG: Using host configuration file: C:\Users\paskeb\Documents\IISExpress\config\aspnet.config
LOG: Using machine configuration file from C:\Windows\Microsoft.NET\Framework\v4.0.30319\config\machine.config.
LOG: Policy not being applied to reference at this time (private, custom, partial, or location-based assembly bind).
LOG: The same bind was seen before, and was failed with hr = 0x80070002.

2015-03-30 17:55:21,496 [7] Orchard.Environment.Extensions.Compilers.DefaultExtensionCompiler - (null) - Assembly reference 'AutoMapper' for project '/Modules/ivNet.Listing/ivNet.Listing.csproj' cannot be loaded
2015-03-30 17:55:22,667 [7] Orchard.Environment.DefaultBuildManager - (null) - Error when compiling assembly under ~/Modules/ivNet.Listing/ivNet.Listing.csproj.
System.Web.HttpParseException (0x80004005): Error compiling module "ivNet.Listing" from file "/Modules/ivNet.Listing/ivNet.Listing.csproj":
Assembly reference 'AutoMapper' for project '/Modules/ivNet.Listing/ivNet.Listing.csproj' cannot be loaded ---> Orchard.OrchardCoreException: Error compiling module "ivNet.Listing" from file "/Modules/ivNet.Listing/ivNet.Listing.csproj":
Assembly reference 'AutoMapper' for project '/Modules/ivNet.Listing/ivNet.Listing.csproj' cannot be loaded ---> Orchard.OrchardCoreException: Assembly reference 'AutoMapper' for project '/Modules/ivNet.Listing/ivNet.Listing.csproj' cannot be loaded
   at Orchard.Environment.Extensions.Compilers.DefaultExtensionCompiler.Compile(CompileExtensionContext context) in f:\Orchard\www.showdigs.co.uk\src\Orchard\Environment\Extensions\Compilers\DefaultExtensionCompiler.cs:line 105
   --- End of inner exception stack trace ---
   at Orchard.Environment.Extensions.Compilers.DefaultExtensionCompiler.Compile(CompileExtensionContext context) in f:\Orchard\www.showdigs.co.uk\src\Orchard\Environment\Extensions\Compilers\DefaultExtensionCompiler.cs:line 112
   at Orchard.Environment.Extensions.Compilers.CSharpExtensionBuildProviderShim.GenerateCode(AssemblyBuilder assemblyBuilder) in f:\Orchard\www.showdigs.co.uk\src\Orchard\Environment\Extensions\Compilers\CSharpExtensionBuildProviderShim.cs:line 32
   at System.Web.Compilation.AssemblyBuilder.AddBuildProvider(BuildProvider buildProvider)
   at System.Web.Compilation.AssemblyBuilder.AddBuildProvider(BuildProvider buildProvider)
   at System.Web.Compilation.BuildProvidersCompiler.ProcessBuildProviders()
   at System.Web.Compilation.BuildProvidersCompiler.PerformBuild()
   at System.Web.Compilation.BuildManager.CompileWebFile(VirtualPath virtualPath)
   at System.Web.Compilation.BuildManager.GetVPathBuildResultInternal(VirtualPath virtualPath, Boolean noBuild, Boolean allowCrossApp, Boolean allowBuildInPrecompile, Boolean throwIfNotFound, Boolean ensureIsUpToDate)
   at System.Web.Compilation.BuildManager.GetVPathBuildResultWithNoAssert(HttpContext context, VirtualPath virtualPath, Boolean noBuild, Boolean allowCrossApp, Boolean allowBuildInPrecompile, Boolean throwIfNotFound, Boolean ensureIsUpToDate)
   at System.Web.Compilation.BuildManager.GetVPathBuildResult(HttpContext context, VirtualPath virtualPath, Boolean noBuild, Boolean allowCrossApp, Boolean allowBuildInPrecompile, Boolean ensureIsUpToDate)
   at System.Web.Compilation.BuildManager.GetCompiledAssembly(String virtualPath)
   at Orchard.Environment.DefaultBuildManager.GetCompiledAssembly(String virtualPath) in f:\Orchard\www.showdigs.co.uk\src\Orchard\Environment\IBuildManager.cs:line 53
2015-03-30 17:55:22,806 [7] Orchard.Environment.DefaultAssemblyLoader - (null) - Error loading assembly 'AutoMapper'
System.IO.FileNotFoundException: Could not load file or assembly 'AutoMapper' or one of its dependencies. The system cannot find the file specified.
File name: 'AutoMapper'
   at System.Reflection.RuntimeAssembly._nLoad(AssemblyName fileName, String codeBase, Evidence assemblySecurity, RuntimeAssembly locationHint, StackCrawlMark& stackMark, IntPtr pPrivHostBinder, Boolean throwOnFileNotFound, Boolean forIntrospection, Boolean suppressSecurityChecks)
   at System.Reflection.RuntimeAssembly.nLoad(AssemblyName fileName, String codeBase, Evidence assemblySecurity, RuntimeAssembly locationHint, StackCrawlMark& stackMark, IntPtr pPrivHostBinder, Boolean throwOnFileNotFound, Boolean forIntrospection, Boolean suppressSecurityChecks)
   at System.Reflection.RuntimeAssembly.InternalLoadAssemblyName(AssemblyName assemblyRef, Evidence assemblySecurity, RuntimeAssembly reqAssembly, StackCrawlMark& stackMark, IntPtr pPrivHostBinder, Boolean throwOnFileNotFound, Boolean forIntrospection, Boolean suppressSecurityChecks)
   at System.Reflection.RuntimeAssembly.InternalLoad(String assemblyString, Evidence assemblySecurity, StackCrawlMark& stackMark, IntPtr pPrivHostBinder, Boolean forIntrospection)
   at System.Reflection.RuntimeAssembly.InternalLoad(String assemblyString, Evidence assemblySecurity, StackCrawlMark& stackMark, Boolean forIntrospection)
   at System.Reflection.Assembly.Load(String assemblyString)
   at Orchard.Environment.DefaultAssemblyLoader.LoadWorker(String shortName, String fullName) in f:\Orchard\www.showdigs.co.uk\src\Orchard\Environment\IAssemblyLoader.cs:line 56
   at Orchard.Environment.DefaultAssemblyLoader.<>c__DisplayClass4.<Load>b__2(String shortName) in f:\Orchard\www.showdigs.co.uk\src\Orchard\Environment\IAssemblyLoader.cs:line 26
   at System.Collections.Concurrent.ConcurrentDictionary`2.GetOrAdd(TKey key, Func`2 valueFactory)
   at Orchard.Environment.DefaultAssemblyLoader.Load(String assemblyName) in f:\Orchard\www.showdigs.co.uk\src\Orchard\Environment\IAssemblyLoader.cs:line 26

=== Pre-bind state information ===
LOG: DisplayName = AutoMapper
 (Partial)
WRN: Partial binding information was supplied for an assembly:
WRN: Assembly Name: AutoMapper | Domain ID: 2
WRN: A partial bind occurs when only part of the assembly display name is provided.
WRN: This might result in the binder loading an incorrect assembly.
WRN: It is recommended to provide a fully specified textual identity for the assembly,
WRN: that consists of the simple name, version, culture, and public key token.
WRN: See whitepaper http://go.microsoft.com/fwlink/?LinkId=109270 for more information and common solutions to this issue.
LOG: Appbase = file:///F:/Orchard/www.showdigs.co.uk/src/Orchard.Web/
LOG: Initial PrivatePath = F:\Orchard\www.showdigs.co.uk\src\Orchard.Web\bin
Calling assembly : Orchard.Framework, Version=1.8.1.0, Culture=neutral, PublicKeyToken=null.
===
LOG: This bind starts in default load context.
LOG: Using application configuration file: F:\Orchard\www.showdigs.co.uk\src\Orchard.Web\web.config
LOG: Using host configuration file: C:\Users\paskeb\Documents\IISExpress\config\aspnet.config
LOG: Using machine configuration file from C:\Windows\Microsoft.NET\Framework\v4.0.30319\config\machine.config.
LOG: Policy not being applied to reference at this time (private, custom, partial, or location-based assembly bind).
LOG: The same bind was seen before, and was failed with hr = 0x80070002.

2015-03-30 17:55:22,811 [7] Orchard.Environment.Extensions.Compilers.DefaultExtensionCompiler - (null) - Assembly reference 'AutoMapper' for project '/Modules/ivNet.Listing/ivNet.Listing.csproj' cannot be loaded
2015-03-30 17:55:23,902 [7] Orchard.Environment.DefaultBuildManager - (null) - Error when compiling assembly under ~/Modules/ivNet.Listing/ivNet.Listing.csproj.
System.Web.HttpParseException (0x80004005): Error compiling module "ivNet.Listing" from file "/Modules/ivNet.Listing/ivNet.Listing.csproj":
Assembly reference 'AutoMapper' for project '/Modules/ivNet.Listing/ivNet.Listing.csproj' cannot be loaded ---> Orchard.OrchardCoreException: Error compiling module "ivNet.Listing" from file "/Modules/ivNet.Listing/ivNet.Listing.csproj":
Assembly reference 'AutoMapper' for project '/Modules/ivNet.Listing/ivNet.Listing.csproj' cannot be loaded ---> Orchard.OrchardCoreException: Assembly reference 'AutoMapper' for project '/Modules/ivNet.Listing/ivNet.Listing.csproj' cannot be loaded
   at Orchard.Environment.Extensions.Compilers.DefaultExtensionCompiler.Compile(CompileExtensionContext context) in f:\Orchard\www.showdigs.co.uk\src\Orchard\Environment\Extensions\Compilers\DefaultExtensionCompiler.cs:line 105
   --- End of inner exception stack trace ---
   at Orchard.Environment.Extensions.Compilers.DefaultExtensionCompiler.Compile(CompileExtensionContext context) in f:\Orchard\www.showdigs.co.uk\src\Orchard\Environment\Extensions\Compilers\DefaultExtensionCompiler.cs:line 112
   at Orchard.Environment.Extensions.Compilers.CSharpExtensionBuildProviderShim.GenerateCode(AssemblyBuilder assemblyBuilder) in f:\Orchard\www.showdigs.co.uk\src\Orchard\Environment\Extensions\Compilers\CSharpExtensionBuildProviderShim.cs:line 32
   at System.Web.Compilation.AssemblyBuilder.AddBuildProvider(BuildProvider buildProvider)
   at System.Web.Compilation.AssemblyBuilder.AddBuildProvider(BuildProvider buildProvider)
   at System.Web.Compilation.BuildProvidersCompiler.ProcessBuildProviders()
   at System.Web.Compilation.BuildProvidersCompiler.PerformBuild()
   at System.Web.Compilation.BuildManager.CompileWebFile(VirtualPath virtualPath)
   at System.Web.Compilation.BuildManager.GetVPathBuildResultInternal(VirtualPath virtualPath, Boolean noBuild, Boolean allowCrossApp, Boolean allowBuildInPrecompile, Boolean throwIfNotFound, Boolean ensureIsUpToDate)
   at System.Web.Compilation.BuildManager.GetVPathBuildResultWithNoAssert(HttpContext context, VirtualPath virtualPath, Boolean noBuild, Boolean allowCrossApp, Boolean allowBuildInPrecompile, Boolean throwIfNotFound, Boolean ensureIsUpToDate)
   at System.Web.Compilation.BuildManager.GetVPathBuildResult(HttpContext context, VirtualPath virtualPath, Boolean noBuild, Boolean allowCrossApp, Boolean allowBuildInPrecompile, Boolean ensureIsUpToDate)
   at System.Web.Compilation.BuildManager.GetCompiledAssembly(String virtualPath)
   at Orchard.Environment.DefaultBuildManager.GetCompiledAssembly(String virtualPath) in f:\Orchard\www.showdigs.co.uk\src\Orchard\Environment\IBuildManager.cs:line 53
2015-03-30 17:55:24,054 [7] Orchard.Environment.DefaultAssemblyLoader - (null) - Error loading assembly 'AutoMapper'
System.IO.FileNotFoundException: Could not load file or assembly 'AutoMapper' or one of its dependencies. The system cannot find the file specified.
File name: 'AutoMapper'
   at System.Reflection.RuntimeAssembly._nLoad(AssemblyName fileName, String codeBase, Evidence assemblySecurity, RuntimeAssembly locationHint, StackCrawlMark& stackMark, IntPtr pPrivHostBinder, Boolean throwOnFileNotFound, Boolean forIntrospection, Boolean suppressSecurityChecks)
   at System.Reflection.RuntimeAssembly.nLoad(AssemblyName fileName, String codeBase, Evidence assemblySecurity, RuntimeAssembly locationHint, StackCrawlMark& stackMark, IntPtr pPrivHostBinder, Boolean throwOnFileNotFound, Boolean forIntrospection, Boolean suppressSecurityChecks)
   at System.Reflection.RuntimeAssembly.InternalLoadAssemblyName(AssemblyName assemblyRef, Evidence assemblySecurity, RuntimeAssembly reqAssembly, StackCrawlMark& stackMark, IntPtr pPrivHostBinder, Boolean throwOnFileNotFound, Boolean forIntrospection, Boolean suppressSecurityChecks)
   at System.Reflection.RuntimeAssembly.InternalLoad(String assemblyString, Evidence assemblySecurity, StackCrawlMark& stackMark, IntPtr pPrivHostBinder, Boolean forIntrospection)
   at System.Reflection.RuntimeAssembly.InternalLoad(String assemblyString, Evidence assemblySecurity, StackCrawlMark& stackMark, Boolean forIntrospection)
   at System.Reflection.Assembly.Load(String assemblyString)
   at Orchard.Environment.DefaultAssemblyLoader.LoadWorker(String shortName, String fullName) in f:\Orchard\www.showdigs.co.uk\src\Orchard\Environment\IAssemblyLoader.cs:line 56
   at Orchard.Environment.DefaultAssemblyLoader.<>c__DisplayClass4.<Load>b__2(String shortName) in f:\Orchard\www.showdigs.co.uk\src\Orchard\Environment\IAssemblyLoader.cs:line 26
   at System.Collections.Concurrent.ConcurrentDictionary`2.GetOrAdd(TKey key, Func`2 valueFactory)
   at Orchard.Environment.DefaultAssemblyLoader.Load(String assemblyName) in f:\Orchard\www.showdigs.co.uk\src\Orchard\Environment\IAssemblyLoader.cs:line 26

=== Pre-bind state information ===
LOG: DisplayName = AutoMapper
 (Partial)
WRN: Partial binding information was supplied for an assembly:
WRN: Assembly Name: AutoMapper | Domain ID: 2
WRN: A partial bind occurs when only part of the assembly display name is provided.
WRN: This might result in the binder loading an incorrect assembly.
WRN: It is recommended to provide a fully specified textual identity for the assembly,
WRN: that consists of the simple name, version, culture, and public key token.
WRN: See whitepaper http://go.microsoft.com/fwlink/?LinkId=109270 for more information and common solutions to this issue.
LOG: Appbase = file:///F:/Orchard/www.showdigs.co.uk/src/Orchard.Web/
LOG: Initial PrivatePath = F:\Orchard\www.showdigs.co.uk\src\Orchard.Web\bin
Calling assembly : Orchard.Framework, Version=1.8.1.0, Culture=neutral, PublicKeyToken=null.
===
LOG: This bind starts in default load context.
LOG: Using application configuration file: F:\Orchard\www.showdigs.co.uk\src\Orchard.Web\web.config
LOG: Using host configuration file: C:\Users\paskeb\Documents\IISExpress\config\aspnet.config
LOG: Using machine configuration file from C:\Windows\Microsoft.NET\Framework\v4.0.30319\config\machine.config.
LOG: Policy not being applied to reference at this time (private, custom, partial, or location-based assembly bind).
LOG: The same bind was seen before, and was failed with hr = 0x80070002.

2015-03-30 17:55:24,086 [7] Orchard.Environment.Extensions.Compilers.DefaultExtensionCompiler - (null) - Assembly reference 'AutoMapper' for project '/Modules/ivNet.Listing/ivNet.Listing.csproj' cannot be loaded
2015-03-30 17:55:25,327 [7] Orchard.Environment.DefaultBuildManager - (null) - Error when compiling assembly under ~/Modules/ivNet.Listing/ivNet.Listing.csproj.
System.Web.HttpParseException (0x80004005): Error compiling module "ivNet.Listing" from file "/Modules/ivNet.Listing/ivNet.Listing.csproj":
Assembly reference 'AutoMapper' for project '/Modules/ivNet.Listing/ivNet.Listing.csproj' cannot be loaded ---> Orchard.OrchardCoreException: Error compiling module "ivNet.Listing" from file "/Modules/ivNet.Listing/ivNet.Listing.csproj":
Assembly reference 'AutoMapper' for project '/Modules/ivNet.Listing/ivNet.Listing.csproj' cannot be loaded ---> Orchard.OrchardCoreException: Assembly reference 'AutoMapper' for project '/Modules/ivNet.Listing/ivNet.Listing.csproj' cannot be loaded
   at Orchard.Environment.Extensions.Compilers.DefaultExtensionCompiler.Compile(CompileExtensionContext context) in f:\Orchard\www.showdigs.co.uk\src\Orchard\Environment\Extensions\Compilers\DefaultExtensionCompiler.cs:line 105
   --- End of inner exception stack trace ---
   at Orchard.Environment.Extensions.Compilers.DefaultExtensionCompiler.Compile(CompileExtensionContext context) in f:\Orchard\www.showdigs.co.uk\src\Orchard\Environment\Extensions\Compilers\DefaultExtensionCompiler.cs:line 112
   at Orchard.Environment.Extensions.Compilers.CSharpExtensionBuildProviderShim.GenerateCode(AssemblyBuilder assemblyBuilder) in f:\Orchard\www.showdigs.co.uk\src\Orchard\Environment\Extensions\Compilers\CSharpExtensionBuildProviderShim.cs:line 32
   at System.Web.Compilation.AssemblyBuilder.AddBuildProvider(BuildProvider buildProvider)
   at System.Web.Compilation.AssemblyBuilder.AddBuildProvider(BuildProvider buildProvider)
   at System.Web.Compilation.BuildProvidersCompiler.ProcessBuildProviders()
   at System.Web.Compilation.BuildProvidersCompiler.PerformBuild()
   at System.Web.Compilation.BuildManager.CompileWebFile(VirtualPath virtualPath)
   at System.Web.Compilation.BuildManager.GetVPathBuildResultInternal(VirtualPath virtualPath, Boolean noBuild, Boolean allowCrossApp, Boolean allowBuildInPrecompile, Boolean throwIfNotFound, Boolean ensureIsUpToDate)
   at System.Web.Compilation.BuildManager.GetVPathBuildResultWithNoAssert(HttpContext context, VirtualPath virtualPath, Boolean noBuild, Boolean allowCrossApp, Boolean allowBuildInPrecompile, Boolean throwIfNotFound, Boolean ensureIsUpToDate)
   at System.Web.Compilation.BuildManager.GetVPathBuildResult(HttpContext context, VirtualPath virtualPath, Boolean noBuild, Boolean allowCrossApp, Boolean allowBuildInPrecompile, Boolean ensureIsUpToDate)
   at System.Web.Compilation.BuildManager.GetCompiledAssembly(String virtualPath)
   at Orchard.Environment.DefaultBuildManager.GetCompiledAssembly(String virtualPath) in f:\Orchard\www.showdigs.co.uk\src\Orchard\Environment\IBuildManager.cs:line 53
2015-03-30 17:55:25,479 [7] Orchard.Environment.DefaultAssemblyLoader - (null) - Error loading assembly 'AutoMapper'
System.IO.FileNotFoundException: Could not load file or assembly 'AutoMapper' or one of its dependencies. The system cannot find the file specified.
File name: 'AutoMapper'
   at System.Reflection.RuntimeAssembly._nLoad(AssemblyName fileName, String codeBase, Evidence assemblySecurity, RuntimeAssembly locationHint, StackCrawlMark& stackMark, IntPtr pPrivHostBinder, Boolean throwOnFileNotFound, Boolean forIntrospection, Boolean suppressSecurityChecks)
   at System.Reflection.RuntimeAssembly.nLoad(AssemblyName fileName, String codeBase, Evidence assemblySecurity, RuntimeAssembly locationHint, StackCrawlMark& stackMark, IntPtr pPrivHostBinder, Boolean throwOnFileNotFound, Boolean forIntrospection, Boolean suppressSecurityChecks)
   at System.Reflection.RuntimeAssembly.InternalLoadAssemblyName(AssemblyName assemblyRef, Evidence assemblySecurity, RuntimeAssembly reqAssembly, StackCrawlMark& stackMark, IntPtr pPrivHostBinder, Boolean throwOnFileNotFound, Boolean forIntrospection, Boolean suppressSecurityChecks)
   at System.Reflection.RuntimeAssembly.InternalLoad(String assemblyString, Evidence assemblySecurity, StackCrawlMark& stackMark, IntPtr pPrivHostBinder, Boolean forIntrospection)
   at System.Reflection.RuntimeAssembly.InternalLoad(String assemblyString, Evidence assemblySecurity, StackCrawlMark& stackMark, Boolean forIntrospection)
   at System.Reflection.Assembly.Load(String assemblyString)
   at Orchard.Environment.DefaultAssemblyLoader.LoadWorker(String shortName, String fullName) in f:\Orchard\www.showdigs.co.uk\src\Orchard\Environment\IAssemblyLoader.cs:line 56
   at Orchard.Environment.DefaultAssemblyLoader.<>c__DisplayClass4.<Load>b__2(String shortName) in f:\Orchard\www.showdigs.co.uk\src\Orchard\Environment\IAssemblyLoader.cs:line 26
   at System.Collections.Concurrent.ConcurrentDictionary`2.GetOrAdd(TKey key, Func`2 valueFactory)
   at Orchard.Environment.DefaultAssemblyLoader.Load(String assemblyName) in f:\Orchard\www.showdigs.co.uk\src\Orchard\Environment\IAssemblyLoader.cs:line 26

=== Pre-bind state information ===
LOG: DisplayName = AutoMapper
 (Partial)
WRN: Partial binding information was supplied for an assembly:
WRN: Assembly Name: AutoMapper | Domain ID: 2
WRN: A partial bind occurs when only part of the assembly display name is provided.
WRN: This might result in the binder loading an incorrect assembly.
WRN: It is recommended to provide a fully specified textual identity for the assembly,
WRN: that consists of the simple name, version, culture, and public key token.
WRN: See whitepaper http://go.microsoft.com/fwlink/?LinkId=109270 for more information and common solutions to this issue.
LOG: Appbase = file:///F:/Orchard/www.showdigs.co.uk/src/Orchard.Web/
LOG: Initial PrivatePath = F:\Orchard\www.showdigs.co.uk\src\Orchard.Web\bin
Calling assembly : Orchard.Framework, Version=1.8.1.0, Culture=neutral, PublicKeyToken=null.
===
LOG: This bind starts in default load context.
LOG: Using application configuration file: F:\Orchard\www.showdigs.co.uk\src\Orchard.Web\web.config
LOG: Using host configuration file: C:\Users\paskeb\Documents\IISExpress\config\aspnet.config
LOG: Using machine configuration file from C:\Windows\Microsoft.NET\Framework\v4.0.30319\config\machine.config.
LOG: Policy not being applied to reference at this time (private, custom, partial, or location-based assembly bind).
LOG: The same bind was seen before, and was failed with hr = 0x80070002.

2015-03-30 17:55:25,487 [7] Orchard.Environment.Extensions.Compilers.DefaultExtensionCompiler - (null) - Assembly reference 'AutoMapper' for project '/Modules/ivNet.Listing/ivNet.Listing.csproj' cannot be loaded
2015-03-30 17:57:16,486 [6] Orchard.Environment.Extensions.ExtensionManager - (null) - No suitable loader found for extension "ivNet.ShowDigs"
2015-03-30 17:57:45,091 [13] Orchard.Exceptions.DefaultExceptionPolicy - Default - An unexpected exception was caught
System.Web.HttpCompileException (0x80004005): c:\Windows\Microsoft.NET\Framework\v4.0.30319\Temporary ASP.NET Files\root\850ff313\d34fd173\App_Web_index.cshtml.1b84e6c5.g5cujlnm.0.cs(30): error CS0234: The type or namespace name 'Registration' does not exist in the namespace 'ivNet.Listing.Models' (are you missing an assembly reference?)
   at System.Web.Compilation.AssemblyBuilder.Compile()
   at System.Web.Compilation.BuildProvidersCompiler.PerformBuild()
   at System.Web.Compilation.BuildManager.CompileWebFile(VirtualPath virtualPath)
   at System.Web.Compilation.BuildManager.GetVPathBuildResultInternal(VirtualPath virtualPath, Boolean noBuild, Boolean allowCrossApp, Boolean allowBuildInPrecompile, Boolean throwIfNotFound, Boolean ensureIsUpToDate)
   at System.Web.Compilation.BuildManager.GetVPathBuildResultWithNoAssert(HttpContext context, VirtualPath virtualPath, Boolean noBuild, Boolean allowCrossApp, Boolean allowBuildInPrecompile, Boolean throwIfNotFound, Boolean ensureIsUpToDate)
   at System.Web.Compilation.BuildManager.GetVirtualPathObjectFactory(VirtualPath virtualPath, HttpContext context, Boolean allowCrossApp, Boolean throwIfNotFound)
   at System.Web.Compilation.BuildManager.GetCompiledType(VirtualPath virtualPath)
   at System.Web.Compilation.BuildManager.GetCompiledType(String virtualPath)
   at System.Web.Mvc.BuildManagerWrapper.System.Web.Mvc.IBuildManager.GetCompiledType(String virtualPath)
   at System.Web.Mvc.BuildManagerCompiledView.Render(ViewContext viewContext, TextWriter writer)
   at Orchard.Mvc.ViewEngines.ThemeAwareness.LayoutAwareViewEngine.<>c__DisplayClass7.<FindView>b__5(ViewContext viewContext, TextWriter writer, IViewDataContainer viewDataContainer) in f:\Orchard\www.showdigs.co.uk\src\Orchard\Mvc\ViewEngines\ThemeAwareness\LayoutAwareViewEngine.cs:line 59
   at Orchard.Mvc.ViewEngines.ThemeAwareness.LayoutAwareViewEngine.LayoutView.Render(ViewContext viewContext, TextWriter writer) in f:\Orchard\www.showdigs.co.uk\src\Orchard\Mvc\ViewEngines\ThemeAwareness\LayoutAwareViewEngine.cs:line 90
   at System.Web.Mvc.ViewResultBase.ExecuteResult(ControllerContext context)
   at System.Web.Mvc.ControllerActionInvoker.InvokeActionResult(ControllerContext controllerContext, ActionResult actionResult)
   at System.Web.Mvc.ControllerActionInvoker.InvokeActionResultFilterRecursive(IList`1 filters, Int32 filterIndex, ResultExecutingContext preContext, ControllerContext controllerContext, ActionResult actionResult)
   at System.Web.Mvc.ControllerActionInvoker.InvokeActionResultFilterRecursive(IList`1 filters, Int32 filterIndex, ResultExecutingContext preContext, ControllerContext controllerContext, ActionResult actionResult)
   at System.Web.Mvc.ControllerActionInvoker.InvokeActionResultFilterRecursive(IList`1 filters, Int32 filterIndex, ResultExecutingContext preContext, ControllerContext controllerContext, ActionResult actionResult)
   at System.Web.Mvc.ControllerActionInvoker.InvokeActionResultFilterRecursive(IList`1 filters, Int32 filterIndex, ResultExecutingContext preContext, ControllerContext controllerContext, ActionResult actionResult)
   at System.Web.Mvc.ControllerActionInvoker.InvokeActionResultFilterRecursive(IList`1 filters, Int32 filterIndex, ResultExecutingContext preContext, ControllerContext controllerContext, ActionResult actionResult)
   at System.Web.Mvc.ControllerActionInvoker.InvokeActionResultFilterRecursive(IList`1 filters, Int32 filterIndex, ResultExecutingContext preContext, ControllerContext controllerContext, ActionResult actionResult)
   at System.Web.Mvc.ControllerActionInvoker.InvokeActionResultFilterRecursive(IList`1 filters, Int32 filterIndex, ResultExecutingContext preContext, ControllerContext controllerContext, ActionResult actionResult)
   at System.Web.Mvc.ControllerActionInvoker.InvokeActionResultFilterRecursive(IList`1 filters, Int32 filterIndex, ResultExecutingContext preContext, ControllerContext controllerContext, ActionResult actionResult)
   at System.Web.Mvc.ControllerActionInvoker.InvokeActionResultFilterRecursive(IList`1 filters, Int32 filterIndex, ResultExecutingContext preContext, ControllerContext controllerContext, ActionResult actionResult)
2015-03-30 18:01:57,947 [6] Orchard.Environment.Extensions.ExtensionManager - (null) - No suitable loader found for extension "ivNet.ShowDigs"
2015-03-30 18:02:58,775 [9] Orchard.Exceptions.DefaultExceptionPolicy - Default - An unexpected exception was caught
NHibernate.PropertyValueException: not-null property references a null or transient value ivNet.Listing.Entities.AddressDetail.AddressDetailKey
   at NHibernate.Engine.Nullability.CheckNullability(Object[] values, IEntityPersister persister, Boolean isUpdate) in c:\Users\sebros\Documents\My Projects\nhibernate-core\src\NHibernate\Engine\Nullability.cs:line 59
   at NHibernate.Event.Default.AbstractSaveEventListener.PerformSaveOrReplicate(Object entity, EntityKey key, IEntityPersister persister, Boolean useIdentityColumn, Object anything, IEventSource source, Boolean requiresImmediateIdAccess) in c:\Users\sebros\Documents\My Projects\nhibernate-core\src\NHibernate\Event\Default\AbstractSaveEventListener.cs:line 251
   at NHibernate.Event.Default.AbstractSaveEventListener.PerformSave(Object entity, Object id, IEntityPersister persister, Boolean useIdentityColumn, Object anything, IEventSource source, Boolean requiresImmediateIdAccess) in c:\Users\sebros\Documents\My Projects\nhibernate-core\src\NHibernate\Event\Default\AbstractSaveEventListener.cs:line 187
   at NHibernate.Event.Default.AbstractSaveEventListener.SaveWithGeneratedId(Object entity, String entityName, Object anything, IEventSource source, Boolean requiresImmediateIdAccess) in c:\Users\sebros\Documents\My Projects\nhibernate-core\src\NHibernate\Event\Default\AbstractSaveEventListener.cs:line 119
   at NHibernate.Event.Default.DefaultSaveOrUpdateEventListener.SaveWithGeneratedOrRequestedId(SaveOrUpdateEvent event) in c:\Users\sebros\Documents\My Projects\nhibernate-core\src\NHibernate\Event\Default\DefaultSaveOrUpdateEventListener.cs:line 162
   at NHibernate.Event.Default.DefaultSaveOrUpdateEventListener.EntityIsTransient(SaveOrUpdateEvent event) in c:\Users\sebros\Documents\My Projects\nhibernate-core\src\NHibernate\Event\Default\DefaultSaveOrUpdateEventListener.cs:line 148
   at NHibernate.Event.Default.DefaultSaveOrUpdateEventListener.PerformSaveOrUpdate(SaveOrUpdateEvent event) in c:\Users\sebros\Documents\My Projects\nhibernate-core\src\NHibernate\Event\Default\DefaultSaveOrUpdateEventListener.cs:line 76
   at NHibernate.Event.Default.DefaultSaveOrUpdateEventListener.OnSaveOrUpdate(SaveOrUpdateEvent event) in c:\Users\sebros\Documents\My Projects\nhibernate-core\src\NHibernate\Event\Default\DefaultSaveOrUpdateEventListener.cs:line 53
   at NHibernate.Impl.SessionImpl.FireSaveOrUpdate(SaveOrUpdateEvent event) in c:\Users\sebros\Documents\My Projects\nhibernate-core\src\NHibernate\Impl\SessionImpl.cs:line 2687
   at NHibernate.Impl.SessionImpl.SaveOrUpdate(Object obj) in c:\Users\sebros\Documents\My Projects\nhibernate-core\src\NHibernate\Impl\SessionImpl.cs:line 551
   at ivNet.Listing.Service.RegistrationServices.UpdateOwnerAddressDetail(ISession session, RegistrationViewModel viewModel) in f:\Orchard\www.showdigs.co.uk\src\Orchard.Web\Modules\ivNet.Listing\Service\RegistrationServices.cs:line 81
   at ivNet.Listing.Service.RegistrationServices.UpdateOwner(RegistrationViewModel viewModel) in f:\Orchard\www.showdigs.co.uk\src\Orchard.Web\Modules\ivNet.Listing\Service\RegistrationServices.cs:line 39
   at ivNet.Listing.Controllers.SiteController.Registration(RegistrationViewModel model) in f:\Orchard\www.showdigs.co.uk\src\Orchard.Web\Modules\ivNet.Listing\Controllers\SiteController.cs:line 35
   at lambda_method(Closure , ControllerBase , Object[] )
   at System.Web.Mvc.ActionMethodDispatcher.Execute(ControllerBase controller, Object[] parameters)
   at System.Web.Mvc.ReflectedActionDescriptor.Execute(ControllerContext controllerContext, IDictionary`2 parameters)
   at System.Web.Mvc.ControllerActionInvoker.InvokeActionMethod(ControllerContext controllerContext, ActionDescriptor actionDescriptor, IDictionary`2 parameters)
   at System.Web.Mvc.Async.AsyncControllerActionInvoker.ActionInvocation.InvokeSynchronousActionMethod()
   at System.Web.Mvc.Async.AsyncControllerActionInvoker.<BeginInvokeSynchronousActionMethod>b__39(IAsyncResult asyncResult, ActionInvocation innerInvokeState)
   at System.Web.Mvc.Async.AsyncResultWrapper.WrappedAsyncResult`2.CallEndDelegate(IAsyncResult asyncResult)
   at System.Web.Mvc.Async.AsyncResultWrapper.WrappedAsyncResultBase`1.End()
   at System.Web.Mvc.Async.AsyncResultWrapper.End[TResult](IAsyncResult asyncResult, Object tag)
   at System.Web.Mvc.Async.AsyncControllerActionInvoker.EndInvokeActionMethod(IAsyncResult asyncResult)
   at System.Web.Mvc.Async.AsyncControllerActionInvoker.AsyncInvocationWithFilters.<InvokeActionMethodFilterAsynchronouslyRecursive>b__3f()
   at System.Web.Mvc.Async.AsyncControllerActionInvoker.AsyncInvocationWithFilters.<>c__DisplayClass48.<InvokeActionMethodFilterAsynchronouslyRecursive>b__41()
   at System.Web.Mvc.Async.AsyncControllerActionInvoker.AsyncInvocationWithFilters.<>c__DisplayClass48.<InvokeActionMethodFilterAsynchronouslyRecursive>b__41()
   at System.Web.Mvc.Async.AsyncControllerActionInvoker.AsyncInvocationWithFilters.<>c__DisplayClass48.<InvokeActionMethodFilterAsynchronouslyRecursive>b__41()
2015-03-30 18:04:08,978 [6] Orchard.Environment.Extensions.ExtensionManager - (null) - No suitable loader found for extension "ivNet.ShowDigs"
2015-03-30 18:07:35,825 [6] Orchard.Environment.Extensions.ExtensionManager - (null) - No suitable loader found for extension "ivNet.ShowDigs"
2015-03-30 18:14:52,761 [6] Orchard.Environment.Extensions.ExtensionManager - (null) - No suitable loader found for extension "ivNet.ShowDigs"
2015-03-30 18:15:39,327 [12] NHibernate.Tool.hbm2ddl.SchemaUpdate - (null) - could not get database metadata
System.Data.SqlServerCe.SqlCeException (0x80004005): The database file cannot be found. Check the path to the database. [ Data Source = F:\Orchard\www.showdigs.co.uk\src\Orchard.Web\Modules\ivNet.Listing\App_Data\ivNet.Listing.sdf ]
   at System.Data.SqlServerCe.SqlCeConnection.Open(Boolean silent)
   at System.Data.SqlServerCe.SqlCeConnection.Open()
   at NHibernate.Connection.DriverConnectionProvider.GetConnection() in c:\Users\sebros\Documents\My Projects\nhibernate-core\src\NHibernate\Connection\DriverConnectionProvider.cs:line 46
   at NHibernate.Tool.hbm2ddl.ManagedProviderConnectionHelper.Prepare() in c:\Users\sebros\Documents\My Projects\nhibernate-core\src\NHibernate\Tool\hbm2ddl\ManagedProviderConnectionHelper.cs:line 26
   at NHibernate.Tool.hbm2ddl.SchemaUpdate.Execute(Action`1 scriptAction, Boolean doUpdate) in c:\Users\sebros\Documents\My Projects\nhibernate-core\src\NHibernate\Tool\hbm2ddl\SchemaUpdate.cs:line 160
2015-03-30 18:15:39,379 [12] NHibernate.Tool.hbm2ddl.SchemaUpdate - (null) - could not complete schema update
System.Data.SqlServerCe.SqlCeException (0x80004005): The database file cannot be found. Check the path to the database. [ Data Source = F:\Orchard\www.showdigs.co.uk\src\Orchard.Web\Modules\ivNet.Listing\App_Data\ivNet.Listing.sdf ]
   at System.Data.SqlServerCe.SqlCeConnection.Open(Boolean silent)
   at System.Data.SqlServerCe.SqlCeConnection.Open()
   at NHibernate.Connection.DriverConnectionProvider.GetConnection() in c:\Users\sebros\Documents\My Projects\nhibernate-core\src\NHibernate\Connection\DriverConnectionProvider.cs:line 46
   at NHibernate.Tool.hbm2ddl.ManagedProviderConnectionHelper.Prepare() in c:\Users\sebros\Documents\My Projects\nhibernate-core\src\NHibernate\Tool\hbm2ddl\ManagedProviderConnectionHelper.cs:line 26
   at NHibernate.Tool.hbm2ddl.SchemaUpdate.Execute(Action`1 scriptAction, Boolean doUpdate) in c:\Users\sebros\Documents\My Projects\nhibernate-core\src\NHibernate\Tool\hbm2ddl\SchemaUpdate.cs:line 169
2015-03-30 18:16:03,641 [12] Orchard.Exceptions.DefaultExceptionPolicy - Default - An unexpected exception was caught
FluentNHibernate.Cfg.FluentConfigurationException: An invalid or incomplete configuration was used while creating a SessionFactory. Check PotentialReasons collection, and InnerException for more detail.

 ---> System.Data.SqlServerCe.SqlCeException: The database file cannot be found. Check the path to the database. [ Data Source = F:\Orchard\www.showdigs.co.uk\src\Orchard.Web\Modules\ivNet.Listing\App_Data\ivNet.Listing.sdf ]
   at System.Data.SqlServerCe.SqlCeConnection.Open(Boolean silent)
   at System.Data.SqlServerCe.SqlCeConnection.Open()
   at NHibernate.Connection.DriverConnectionProvider.GetConnection() in c:\Users\sebros\Documents\My Projects\nhibernate-core\src\NHibernate\Connection\DriverConnectionProvider.cs:line 46
   at NHibernate.Tool.hbm2ddl.SuppliedConnectionProviderConnectionHelper.Prepare() in c:\Users\sebros\Documents\My Projects\nhibernate-core\src\NHibernate\Tool\hbm2ddl\SuppliedConnectionProviderConnectionHelper.cs:line 25
   at NHibernate.Tool.hbm2ddl.SchemaMetadataUpdater.GetReservedWords(Dialect dialect, IConnectionHelper connectionHelper) in c:\Users\sebros\Documents\My Projects\nhibernate-core\src\NHibernate\Tool\hbm2ddl\SchemaMetadataUpdater.cs:line 43
   at NHibernate.Tool.hbm2ddl.SchemaMetadataUpdater.Update(ISessionFactory sessionFactory) in c:\Users\sebros\Documents\My Projects\nhibernate-core\src\NHibernate\Tool\hbm2ddl\SchemaMetadataUpdater.cs:line 17
   at NHibernate.Impl.SessionFactoryImpl..ctor(Configuration cfg, IMapping mapping, Settings settings, EventListeners listeners) in c:\Users\sebros\Documents\My Projects\nhibernate-core\src\NHibernate\Impl\SessionFactoryImpl.cs:line 172
   at NHibernate.Cfg.Configuration.BuildSessionFactory() in c:\Users\sebros\Documents\My Projects\nhibernate-core\src\NHibernate\Cfg\Configuration.cs:line 1269
   at FluentNHibernate.Cfg.FluentConfiguration.BuildSessionFactory()
   --- End of inner exception stack trace ---
   at FluentNHibernate.Cfg.FluentConfiguration.BuildSessionFactory()
   at ivNet.Listing.Helpers.NHibernateHelper.ConfigureSessionFactory()
   at ivNet.Listing.Helpers.NHibernateHelper.SetupSessionFactory()
   at ivNet.Listing.Helpers.NHibernateHelper.get_SessionFactory()
   at ivNet.Listing.Helpers.NHibernateHelper.OpenSession()
   at ivNet.Listing.Service.RegistrationServices.UpdateOwner(RegistrationViewModel viewModel)
   at ivNet.Listing.Controllers.SiteController.Registration(RegistrationViewModel model)
   at lambda_method(Closure , ControllerBase , Object[] )
   at System.Web.Mvc.ActionMethodDispatcher.Execute(ControllerBase controller, Object[] parameters)
   at System.Web.Mvc.ReflectedActionDescriptor.Execute(ControllerContext controllerContext, IDictionary`2 parameters)
   at System.Web.Mvc.ControllerActionInvoker.InvokeActionMethod(ControllerContext controllerContext, ActionDescriptor actionDescriptor, IDictionary`2 parameters)
   at System.Web.Mvc.Async.AsyncControllerActionInvoker.ActionInvocation.InvokeSynchronousActionMethod()
   at System.Web.Mvc.Async.AsyncControllerActionInvoker.<BeginInvokeSynchronousActionMethod>b__39(IAsyncResult asyncResult, ActionInvocation innerInvokeState)
   at System.Web.Mvc.Async.AsyncResultWrapper.WrappedAsyncResult`2.CallEndDelegate(IAsyncResult asyncResult)
   at System.Web.Mvc.Async.AsyncResultWrapper.WrappedAsyncResultBase`1.End()
   at System.Web.Mvc.Async.AsyncResultWrapper.End[TResult](IAsyncResult asyncResult, Object tag)
   at System.Web.Mvc.Async.AsyncControllerActionInvoker.EndInvokeActionMethod(IAsyncResult asyncResult)
   at System.Web.Mvc.Async.AsyncControllerActionInvoker.AsyncInvocationWithFilters.<InvokeActionMethodFilterAsynchronouslyRecursive>b__3f()
   at System.Web.Mvc.Async.AsyncControllerActionInvoker.AsyncInvocationWithFilters.<>c__DisplayClass48.<InvokeActionMethodFilterAsynchronouslyRecursive>b__41()
   at System.Web.Mvc.Async.AsyncControllerActionInvoker.AsyncInvocationWithFilters.<>c__DisplayClass48.<InvokeActionMethodFilterAsynchronouslyRecursive>b__41()
   at System.Web.Mvc.Async.AsyncControllerActionInvoker.AsyncInvocationWithFilters.<>c__DisplayClass48.<InvokeActionMethodFilterAsynchronouslyRecursive>b__41()


2015-03-30 18:19:38,965 [6] Orchard.Environment.Extensions.ExtensionManager - (null) - No suitable loader found for extension "ivNet.ShowDigs"
