2015-05-02 11:26:07,726 [6] Orchard.Environment.Extensions.ExtensionManager - (null) - No suitable loader found for extension "ivNet.ShowDigs"
2015-05-02 11:27:58,380 [11] Orchard.Exceptions.DefaultExceptionPolicy - Default - An unexpected exception was caught
System.ArgumentNullException: Value cannot be null.
Parameter name: value
   at Newtonsoft.Json.Utilities.ValidationUtils.ArgumentNotNull(Object value, String parameterName)
   at Newtonsoft.Json.JsonConvert.DeserializeObject(String value, Type type, JsonSerializerSettings settings)
   at Newtonsoft.Json.JsonConvert.DeserializeObject[T](String value, JsonSerializerSettings settings)
   at Newtonsoft.Json.JsonConvert.DeserializeObject[T](String value)
   at ivNet.Listing.Service.OwnerServices.AddListing(Int32 ownerId, EditListingViewModel model) in e:\Orchard\www.showdigs.co.uk\src\Orchard.Web\Modules\ivNet.Listing\Service\OwnerServices.cs:line 117
   at ivNet.Listing.Controllers.SecureSiteController.AddListing(EditListingViewModel model) in e:\Orchard\www.showdigs.co.uk\src\Orchard.Web\Modules\ivNet.Listing\Controllers\SecureSiteController.cs:line 48
   at lambda_method(Closure , ControllerBase , Object[] )
   at System.Web.Mvc.ActionMethodDispatcher.Execute(ControllerBase controller, Object[] parameters)
   at System.Web.Mvc.ReflectedActionDescriptor.Execute(ControllerContext controllerContext, IDictionary`2 parameters)
   at System.Web.Mvc.ControllerActionInvoker.InvokeActionMethod(ControllerContext controllerContext, ActionDescriptor actionDescriptor, IDictionary`2 parameters)
   at System.Web.Mvc.Async.AsyncControllerActionInvoker.ActionInvocation.InvokeSynchronousActionMethod()
   at System.Web.Mvc.Async.AsyncControllerActionInvoker.<BeginInvokeSynchronousActionMethod>b__39(IAsyncResult asyncResult, ActionInvocation innerInvokeState)
   at System.Web.Mvc.Async.AsyncResultWrapper.WrappedAsyncResult`2.CallEndDelegate(IAsyncResult asyncResult)
   at System.Web.Mvc.Async.AsyncResultWrapper.WrappedAsyncResultBase`1.End()
   at System.Web.Mvc.Async.AsyncResultWrapper.End[TResult](IAsyncResult asyncResult, Object tag)
   at System.Web.Mvc.Async.AsyncControllerActionInvoker.EndInvokeActionMethod(IAsyncResult asyncResult)
   at System.Web.Mvc.Async.AsyncControllerActionInvoker.AsyncInvocationWithFilters.<InvokeActionMethodFilterAsynchronouslyRecursive>b__3f()
   at System.Web.Mvc.Async.AsyncControllerActionInvoker.AsyncInvocationWithFilters.<>c__DisplayClass48.<InvokeActionMethodFilterAsynchronouslyRecursive>b__41()
   at System.Web.Mvc.Async.AsyncControllerActionInvoker.AsyncInvocationWithFilters.<>c__DisplayClass48.<InvokeActionMethodFilterAsynchronouslyRecursive>b__41()
   at System.Web.Mvc.Async.AsyncControllerActionInvoker.AsyncInvocationWithFilters.<>c__DisplayClass48.<InvokeActionMethodFilterAsynchronouslyRecursive>b__41()
2015-05-02 11:28:54,613 [6] Orchard.Environment.Extensions.ExtensionManager - (null) - No suitable loader found for extension "ivNet.ShowDigs"
2015-05-02 11:30:08,339 [6] Orchard.Exceptions.DefaultExceptionPolicy - Default - An unexpected exception was caught
System.NullReferenceException: Object reference not set to an instance of an object.
   at ivNet.Listing.Service.OwnerServices.AddListing(Int32 ownerId, EditListingViewModel model) in e:\Orchard\www.showdigs.co.uk\src\Orchard.Web\Modules\ivNet.Listing\Service\OwnerServices.cs:line 169
   at ivNet.Listing.Controllers.SecureSiteController.AddListing(EditListingViewModel model) in e:\Orchard\www.showdigs.co.uk\src\Orchard.Web\Modules\ivNet.Listing\Controllers\SecureSiteController.cs:line 48
   at lambda_method(Closure , ControllerBase , Object[] )
   at System.Web.Mvc.ActionMethodDispatcher.Execute(ControllerBase controller, Object[] parameters)
   at System.Web.Mvc.ReflectedActionDescriptor.Execute(ControllerContext controllerContext, IDictionary`2 parameters)
   at System.Web.Mvc.ControllerActionInvoker.InvokeActionMethod(ControllerContext controllerContext, ActionDescriptor actionDescriptor, IDictionary`2 parameters)
   at System.Web.Mvc.Async.AsyncControllerActionInvoker.ActionInvocation.InvokeSynchronousActionMethod()
   at System.Web.Mvc.Async.AsyncControllerActionInvoker.<BeginInvokeSynchronousActionMethod>b__39(IAsyncResult asyncResult, ActionInvocation innerInvokeState)
   at System.Web.Mvc.Async.AsyncResultWrapper.WrappedAsyncResult`2.CallEndDelegate(IAsyncResult asyncResult)
   at System.Web.Mvc.Async.AsyncResultWrapper.WrappedAsyncResultBase`1.End()
   at System.Web.Mvc.Async.AsyncResultWrapper.End[TResult](IAsyncResult asyncResult, Object tag)
   at System.Web.Mvc.Async.AsyncControllerActionInvoker.EndInvokeActionMethod(IAsyncResult asyncResult)
   at System.Web.Mvc.Async.AsyncControllerActionInvoker.AsyncInvocationWithFilters.<InvokeActionMethodFilterAsynchronouslyRecursive>b__3f()
   at System.Web.Mvc.Async.AsyncControllerActionInvoker.AsyncInvocationWithFilters.<>c__DisplayClass48.<InvokeActionMethodFilterAsynchronouslyRecursive>b__41()
   at System.Web.Mvc.Async.AsyncControllerActionInvoker.AsyncInvocationWithFilters.<>c__DisplayClass48.<InvokeActionMethodFilterAsynchronouslyRecursive>b__41()
   at System.Web.Mvc.Async.AsyncControllerActionInvoker.AsyncInvocationWithFilters.<>c__DisplayClass48.<InvokeActionMethodFilterAsynchronouslyRecursive>b__41()
2015-05-02 11:31:04,052 [6] Orchard.Environment.Extensions.ExtensionManager - (null) - No suitable loader found for extension "ivNet.ShowDigs"
2015-05-02 11:33:14,666 [5] Orchard.Environment.Extensions.ExtensionManager - (null) - No suitable loader found for extension "ivNet.ShowDigs"
2015-05-02 11:34:36,917 [5] Orchard.Exceptions.DefaultExceptionPolicy - Default - An unexpected exception was caught
System.Net.WebException: The remote name could not be resolved: 'maps.googleapis.com'
   at System.Net.HttpWebRequest.GetResponse()
   at ivNet.Listing.Service.OwnerServices.AddListing(Int32 ownerId, EditListingViewModel model) in e:\Orchard\www.showdigs.co.uk\src\Orchard.Web\Modules\ivNet.Listing\Service\OwnerServices.cs:line 85
   at ivNet.Listing.Controllers.SecureSiteController.AddListing(EditListingViewModel model) in e:\Orchard\www.showdigs.co.uk\src\Orchard.Web\Modules\ivNet.Listing\Controllers\SecureSiteController.cs:line 48
   at lambda_method(Closure , ControllerBase , Object[] )
   at System.Web.Mvc.ActionMethodDispatcher.Execute(ControllerBase controller, Object[] parameters)
   at System.Web.Mvc.ReflectedActionDescriptor.Execute(ControllerContext controllerContext, IDictionary`2 parameters)
   at System.Web.Mvc.ControllerActionInvoker.InvokeActionMethod(ControllerContext controllerContext, ActionDescriptor actionDescriptor, IDictionary`2 parameters)
   at System.Web.Mvc.Async.AsyncControllerActionInvoker.ActionInvocation.InvokeSynchronousActionMethod()
   at System.Web.Mvc.Async.AsyncControllerActionInvoker.<BeginInvokeSynchronousActionMethod>b__39(IAsyncResult asyncResult, ActionInvocation innerInvokeState)
   at System.Web.Mvc.Async.AsyncResultWrapper.WrappedAsyncResult`2.CallEndDelegate(IAsyncResult asyncResult)
   at System.Web.Mvc.Async.AsyncResultWrapper.WrappedAsyncResultBase`1.End()
   at System.Web.Mvc.Async.AsyncResultWrapper.End[TResult](IAsyncResult asyncResult, Object tag)
   at System.Web.Mvc.Async.AsyncControllerActionInvoker.EndInvokeActionMethod(IAsyncResult asyncResult)
   at System.Web.Mvc.Async.AsyncControllerActionInvoker.AsyncInvocationWithFilters.<InvokeActionMethodFilterAsynchronouslyRecursive>b__3f()
   at System.Web.Mvc.Async.AsyncControllerActionInvoker.AsyncInvocationWithFilters.<>c__DisplayClass48.<InvokeActionMethodFilterAsynchronouslyRecursive>b__41()
   at System.Web.Mvc.Async.AsyncControllerActionInvoker.AsyncInvocationWithFilters.<>c__DisplayClass48.<InvokeActionMethodFilterAsynchronouslyRecursive>b__41()
   at System.Web.Mvc.Async.AsyncControllerActionInvoker.AsyncInvocationWithFilters.<>c__DisplayClass48.<InvokeActionMethodFilterAsynchronouslyRecursive>b__41()
2015-05-02 11:41:54,391 [24] Orchard.Environment.Extensions.ExtensionManager - (null) - No suitable loader found for extension "ivNet.ShowDigs"
2015-05-02 11:53:08,329 [19] Orchard.Environment.Extensions.ExtensionManager - (null) - No suitable loader found for extension "ivNet.ShowDigs"
