2015-04-09 12:45:00,758 [6] Orchard.WebApi.Filters.UnhandledApiExceptionFilter - Default - Unexpected API exception
 http://localhost:30333/api/listing/mylistings
System.NotImplementedException: The method or operation is not implemented.
   at ivNet.Listing.Service.ListingServices.GetListings(String eMail) in f:\Orchard\www.showdigs.co.uk\src\Orchard.Web\Modules\ivNet.Listing\Service\ListingServices.cs:line 24
   at ivNet.Listing.Controllers.api.MyListingsController.Get() in f:\Orchard\www.showdigs.co.uk\src\Orchard.Web\Modules\ivNet.Listing\Controllers\api\MyListingsController.cs:line 37
   at lambda_method(Closure , Object , Object[] )
   at System.Web.Http.Controllers.ReflectedHttpActionDescriptor.ActionExecutor.<>c__DisplayClass10.<GetExecutor>b__9(Object instance, Object[] methodParameters)
   at System.Web.Http.Controllers.ReflectedHttpActionDescriptor.ActionExecutor.Execute(Object instance, Object[] arguments)
   at System.Web.Http.Controllers.ReflectedHttpActionDescriptor.ExecuteAsync(HttpControllerContext controllerContext, IDictionary`2 arguments, CancellationToken cancellationToken)
--- End of stack trace from previous location where exception was thrown ---
   at System.Runtime.CompilerServices.TaskAwaiter.ThrowForNonSuccess(Task task)
   at System.Runtime.CompilerServices.TaskAwaiter.HandleNonSuccessAndDebuggerNotification(Task task)
   at System.Runtime.CompilerServices.TaskAwaiter`1.GetResult()
   at System.Web.Http.Controllers.ApiControllerActionInvoker.<InvokeActionAsyncCore>d__0.MoveNext()
--- End of stack trace from previous location where exception was thrown ---
   at System.Runtime.CompilerServices.TaskAwaiter.ThrowForNonSuccess(Task task)
   at System.Runtime.CompilerServices.TaskAwaiter.HandleNonSuccessAndDebuggerNotification(Task task)
   at System.Runtime.CompilerServices.TaskAwaiter`1.GetResult()
   at Orchard.WebApi.Filters.OrchardApiActionFilterDispatcher.<ExecuteActionFilterAsync>d__6.MoveNext() in e:\Orchard\www.showdigs.co.uk\src\Orchard\WebApi\Filters\OrchardApiActionFilterDispatcher.cs:line 20
--- End of stack trace from previous location where exception was thrown ---
   at System.Runtime.CompilerServices.TaskAwaiter.ThrowForNonSuccess(Task task)
   at System.Runtime.CompilerServices.TaskAwaiter.HandleNonSuccessAndDebuggerNotification(Task task)
   at System.Runtime.CompilerServices.TaskAwaiter`1.GetResult()
   at System.Web.Http.Controllers.ActionFilterResult.<ExecuteAsync>d__2.MoveNext()
--- End of stack trace from previous location where exception was thrown ---
   at System.Runtime.CompilerServices.TaskAwaiter.ThrowForNonSuccess(Task task)
   at System.Runtime.CompilerServices.TaskAwaiter.HandleNonSuccessAndDebuggerNotification(Task task)
   at System.Runtime.CompilerServices.TaskAwaiter`1.GetResult()
   at System.Web.Http.Controllers.ExceptionFilterResult.<ExecuteAsync>d__0.MoveNext()
2015-04-09 16:30:23,099 [10] Orchard.Exceptions.DefaultExceptionPolicy - Default - An unexpected exception was caught
 http://localhost:30333/owner/my-listings
System.Reflection.TargetInvocationException: Exception has been thrown by the target of an invocation. ---> System.InvalidOperationException: The model item passed into the dictionary is of type 'Orchard.UI.Zones.ZoneHolding', but this dictionary requires a model item of type 'ivNet.Listing.Models.RegistrationViewModel'.
   at System.Web.Mvc.ViewDataDictionary`1.SetModel(Object value)
   at System.Web.Mvc.ViewDataDictionary.set_Model(Object value)
   at System.Web.Mvc.ViewDataDictionary..ctor(ViewDataDictionary dictionary)
   at System.Web.Mvc.ViewDataDictionary`1..ctor(ViewDataDictionary viewDataDictionary)
   at System.Web.Mvc.WebViewPage`1.SetViewData(ViewDataDictionary viewData)
   at System.Web.Mvc.WebViewPage.set_ViewData(ViewDataDictionary value)
   at System.Web.Mvc.RazorView.RenderView(ViewContext viewContext, TextWriter writer, Object instance)
   at System.Web.Mvc.BuildManagerCompiledView.Render(ViewContext viewContext, TextWriter writer)
   at System.Web.Mvc.HtmlHelper.RenderPartialInternal(String partialViewName, ViewDataDictionary viewData, Object model, TextWriter writer, ViewEngineCollection viewEngineCollection)
   at System.Web.Mvc.Html.PartialExtensions.Partial(HtmlHelper htmlHelper, String partialViewName, Object model, ViewDataDictionary viewData)
   at System.Web.Mvc.Html.PartialExtensions.Partial(HtmlHelper htmlHelper, String partialViewName, Object model)
   at Orchard.DisplayManagement.Descriptors.ShapeTemplateStrategy.ShapeTemplateBindingStrategy.Render(ShapeDescriptor shapeDescriptor, DisplayContext displayContext, HarvestShapeInfo harvestShapeInfo, HarvestShapeHit harvestShapeHit) in e:\Orchard\www.showdigs.co.uk\src\Orchard\DisplayManagement\Descriptors\ShapeTemplateStrategy\ShapeTemplateBindingStrategy.cs:line 151
   at Orchard.DisplayManagement.Descriptors.ShapeTemplateStrategy.ShapeTemplateBindingStrategy.<>c__DisplayClass26.<>c__DisplayClass28.<Discover>b__15(DisplayContext displayContext) in e:\Orchard\www.showdigs.co.uk\src\Orchard\DisplayManagement\Descriptors\ShapeTemplateStrategy\ShapeTemplateBindingStrategy.cs:line 133
   at Orchard.DisplayManagement.Descriptors.ShapeAlterationBuilder.<>c__DisplayClass3.<>c__DisplayClass5.<BoundAs>b__2(DisplayContext displayContext) in e:\Orchard\www.showdigs.co.uk\src\Orchard\DisplayManagement\Descriptors\ShapeAlterationBuilder.cs:line 56
   at Orchard.DisplayManagement.Implementation.DefaultDisplayManager.Process(ShapeBinding shapeBinding, IShape shape, DisplayContext context) in e:\Orchard\www.showdigs.co.uk\src\Orchard\DisplayManagement\Implementation\DefaultDisplayManager.cs:line 185
   at Orchard.DisplayManagement.Implementation.DefaultDisplayManager.Execute(DisplayContext context) in e:\Orchard\www.showdigs.co.uk\src\Orchard\DisplayManagement\Implementation\DefaultDisplayManager.cs:line 94
   at Orchard.DisplayManagement.Implementation.DisplayHelper.ShapeExecute(Object shape) in e:\Orchard\www.showdigs.co.uk\src\Orchard\DisplayManagement\Implementation\DisplayHelper.cs:line 86
   at Orchard.DisplayManagement.Implementation.DisplayHelper.Invoke(String name, INamedEnumerable`1 parameters) in e:\Orchard\www.showdigs.co.uk\src\Orchard\DisplayManagement\Implementation\DisplayHelper.cs:line 44
   at Orchard.DisplayManagement.Implementation.DisplayHelper.TryInvoke(InvokeBinder binder, Object[] args, Object& result) in e:\Orchard\www.showdigs.co.uk\src\Orchard\DisplayManagement\Implementation\DisplayHelper.cs:line 29
   at CallSite.Target(Closure , CallSite , Object , Object )
   at System.Dynamic.UpdateDelegates.UpdateAndExecute2[T0,T1,TRet](CallSite site, T0 arg0, T1 arg1)
   at CallSite.Target(Closure , CallSite , Object , Object )
   at Orchard.Core.Shapes.CoreShapes.Zone(Object Display, Object Shape, TextWriter Output) in e:\Orchard\www.showdigs.co.uk\src\Orchard.Web\Core\Shapes\CoreShapes.cs:line 267
   --- End of inner exception stack trace ---
   at System.RuntimeMethodHandle.InvokeMethod(Object target, Object[] arguments, Signature sig, Boolean constructor)
   at System.Reflection.RuntimeMethodInfo.UnsafeInvokeInternal(Object obj, Object[] parameters, Object[] arguments)
   at System.Reflection.RuntimeMethodInfo.Invoke(Object obj, BindingFlags invokeAttr, Binder binder, Object[] parameters, CultureInfo culture)
   at System.Reflection.MethodBase.Invoke(Object obj, Object[] parameters)
   at Orchard.DisplayManagement.Descriptors.ShapeAttributeStrategy.ShapeAttributeBindingStrategy.PerformInvoke(DisplayContext displayContext, MethodInfo methodInfo, Object serviceInstance) in e:\Orchard\www.showdigs.co.uk\src\Orchard\DisplayManagement\Descriptors\ShapeAttributeStrategy\ShapeAttributeBindingStrategy.cs:line 64
   at Orchard.DisplayManagement.Descriptors.ShapeAttributeStrategy.ShapeAttributeBindingStrategy.<>c__DisplayClass4.<CreateDelegate>b__3(DisplayContext context) in e:\Orchard\www.showdigs.co.uk\src\Orchard\DisplayManagement\Descriptors\ShapeAttributeStrategy\ShapeAttributeBindingStrategy.cs:line 55
   at Orchard.DisplayManagement.Descriptors.ShapeAlterationBuilder.<>c__DisplayClass3.<>c__DisplayClass5.<BoundAs>b__2(DisplayContext displayContext) in e:\Orchard\www.showdigs.co.uk\src\Orchard\DisplayManagement\Descriptors\ShapeAlterationBuilder.cs:line 56
   at Orchard.DisplayManagement.Implementation.DefaultDisplayManager.Process(ShapeBinding shapeBinding, IShape shape, DisplayContext context) in e:\Orchard\www.showdigs.co.uk\src\Orchard\DisplayManagement\Implementation\DefaultDisplayManager.cs:line 185
   at Orchard.DisplayManagement.Implementation.DefaultDisplayManager.Execute(DisplayContext context) in e:\Orchard\www.showdigs.co.uk\src\Orchard\DisplayManagement\Implementation\DefaultDisplayManager.cs:line 94
   at Orchard.DisplayManagement.Implementation.DisplayHelper.ShapeExecute(Object shape) in e:\Orchard\www.showdigs.co.uk\src\Orchard\DisplayManagement\Implementation\DisplayHelper.cs:line 86
   at Orchard.DisplayManagement.Implementation.DisplayHelper.Invoke(String name, INamedEnumerable`1 parameters) in e:\Orchard\www.showdigs.co.uk\src\Orchard\DisplayManagement\Implementation\DisplayHelper.cs:line 44
   at Orchard.DisplayManagement.Implementation.DisplayHelper.TryInvoke(InvokeBinder binder, Object[] args, Object& result) in e:\Orchard\www.showdigs.co.uk\src\Orchard\DisplayManagement\Implementation\DisplayHelper.cs:line 29
   at CallSite.Target(Closure , CallSite , Object , Object )
   at ASP._Page_Themes_PJS_Bootstrap_Views_Layout_cshtml.<Execute>b__b9(Object x) in f:\Orchard\www.showdigs.co.uk\src\Orchard.Web\Themes\PJS.Bootstrap\Views\Layout.cshtml:line 20
   at CallSite.Target(Closure , CallSite , Func`2 , Object )
   at System.Dynamic.UpdateDelegates.UpdateAndExecute2[T0,T1,TRet](CallSite site, T0 arg0, T1 arg1)
   at ASP._Page_Themes_PJS_Bootstrap_Views_Layout_cshtml.Execute() in f:\Orchard\www.showdigs.co.uk\src\Orchard.Web\Themes\PJS.Bootstrap\Views\Layout.cshtml:line 117
   at System.Web.WebPages.WebPageBase.ExecutePageHierarchy()
   at System.Web.Mvc.WebViewPage.ExecutePageHierarchy()
   at System.Web.WebPages.WebPageBase.ExecutePageHierarchy(WebPageContext pageContext, TextWriter writer, WebPageRenderingBase startPage)
   at System.Web.Mvc.RazorView.RenderView(ViewContext viewContext, TextWriter writer, Object instance)
   at System.Web.Mvc.BuildManagerCompiledView.Render(ViewContext viewContext, TextWriter writer)
   at System.Web.Mvc.HtmlHelper.RenderPartialInternal(String partialViewName, ViewDataDictionary viewData, Object model, TextWriter writer, ViewEngineCollection viewEngineCollection)
   at System.Web.Mvc.Html.PartialExtensions.Partial(HtmlHelper htmlHelper, String partialViewName, Object model, ViewDataDictionary viewData)
   at System.Web.Mvc.Html.PartialExtensions.Partial(HtmlHelper htmlHelper, String partialViewName, Object model)
   at Orchard.DisplayManagement.Descriptors.ShapeTemplateStrategy.ShapeTemplateBindingStrategy.Render(ShapeDescriptor shapeDescriptor, DisplayContext displayContext, HarvestShapeInfo harvestShapeInfo, HarvestShapeHit harvestShapeHit) in e:\Orchard\www.showdigs.co.uk\src\Orchard\DisplayManagement\Descriptors\ShapeTemplateStrategy\ShapeTemplateBindingStrategy.cs:line 151
   at Orchard.DisplayManagement.Descriptors.ShapeTemplateStrategy.ShapeTemplateBindingStrategy.<>c__DisplayClass26.<>c__DisplayClass28.<Discover>b__15(DisplayContext displayContext) in e:\Orchard\www.showdigs.co.uk\src\Orchard\DisplayManagement\Descriptors\ShapeTemplateStrategy\ShapeTemplateBindingStrategy.cs:line 133
   at Orchard.DisplayManagement.Descriptors.ShapeAlterationBuilder.<>c__DisplayClass3.<>c__DisplayClass5.<BoundAs>b__2(DisplayContext displayContext) in e:\Orchard\www.showdigs.co.uk\src\Orchard\DisplayManagement\Descriptors\ShapeAlterationBuilder.cs:line 56
   at Orchard.DisplayManagement.Implementation.DefaultDisplayManager.Process(ShapeBinding shapeBinding, IShape shape, DisplayContext context) in e:\Orchard\www.showdigs.co.uk\src\Orchard\DisplayManagement\Implementation\DefaultDisplayManager.cs:line 185
   at Orchard.DisplayManagement.Implementation.DefaultDisplayManager.Execute(DisplayContext context) in e:\Orchard\www.showdigs.co.uk\src\Orchard\DisplayManagement\Implementation\DefaultDisplayManager.cs:line 94
   at Orchard.DisplayManagement.Implementation.DisplayHelper.ShapeExecute(Object shape) in e:\Orchard\www.showdigs.co.uk\src\Orchard\DisplayManagement\Implementation\DisplayHelper.cs:line 86
   at Orchard.DisplayManagement.Implementation.DisplayHelper.Invoke(String name, INamedEnumerable`1 parameters) in e:\Orchard\www.showdigs.co.uk\src\Orchard\DisplayManagement\Implementation\DisplayHelper.cs:line 44
   at Orchard.DisplayManagement.Implementation.DisplayHelper.TryInvoke(InvokeBinder binder, Object[] args, Object& result) in e:\Orchard\www.showdigs.co.uk\src\Orchard\DisplayManagement\Implementation\DisplayHelper.cs:line 29
   at CallSite.Target(Closure , CallSite , Object , Object )
   at Orchard.Mvc.ViewEngines.ThemeAwareness.LayoutAwareViewEngine.<>c__DisplayClass7.<FindView>b__5(ViewContext viewContext, TextWriter writer, IViewDataContainer viewDataContainer) in e:\Orchard\www.showdigs.co.uk\src\Orchard\Mvc\ViewEngines\ThemeAwareness\LayoutAwareViewEngine.cs:line 63
   at Orchard.Mvc.ViewEngines.ThemeAwareness.LayoutAwareViewEngine.LayoutView.Render(ViewContext viewContext, TextWriter writer) in e:\Orchard\www.showdigs.co.uk\src\Orchard\Mvc\ViewEngines\ThemeAwareness\LayoutAwareViewEngine.cs:line 90
   at System.Web.Mvc.ViewResultBase.ExecuteResult(ControllerContext context)
   at System.Web.Mvc.ControllerActionInvoker.InvokeActionResult(ControllerContext controllerContext, ActionResult actionResult)
   at System.Web.Mvc.ControllerActionInvoker.InvokeActionResultFilterRecursive(IList`1 filters, Int32 filterIndex, ResultExecutingContext preContext, ControllerContext controllerContext, ActionResult actionResult)
   at System.Web.Mvc.ControllerActionInvoker.InvokeActionResultFilterRecursive(IList`1 filters, Int32 filterIndex, ResultExecutingContext preContext, ControllerContext controllerContext, ActionResult actionResult)
   at System.Web.Mvc.ControllerActionInvoker.InvokeActionResultFilterRecursive(IList`1 filters, Int32 filterIndex, ResultExecutingContext preContext, ControllerContext controllerContext, ActionResult actionResult)
   at System.Web.Mvc.ControllerActionInvoker.InvokeActionResultFilterRecursive(IList`1 filters, Int32 filterIndex, ResultExecutingContext preContext, ControllerContext controllerContext, ActionResult actionResult)
   at System.Web.Mvc.ControllerActionInvoker.InvokeActionResultFilterRecursive(IList`1 filters, Int32 filterIndex, ResultExecutingContext preContext, ControllerContext controllerContext, ActionResult actionResult)
   at System.Web.Mvc.ControllerActionInvoker.InvokeActionResultFilterRecursive(IList`1 filters, Int32 filterIndex, ResultExecutingContext preContext, ControllerContext controllerContext, ActionResult actionResult)
   at System.Web.Mvc.ControllerActionInvoker.InvokeActionResultFilterRecursive(IList`1 filters, Int32 filterIndex, ResultExecutingContext preContext, ControllerContext controllerContext, ActionResult actionResult)
   at System.Web.Mvc.ControllerActionInvoker.InvokeActionResultFilterRecursive(IList`1 filters, Int32 filterIndex, ResultExecutingContext preContext, ControllerContext controllerContext, ActionResult actionResult)
   at System.Web.Mvc.ControllerActionInvoker.InvokeActionResultFilterRecursive(IList`1 filters, Int32 filterIndex, ResultExecutingContext preContext, ControllerContext controllerContext, ActionResult actionResult)
2015-04-09 16:32:10,228 [7] Orchard.Exceptions.DefaultExceptionPolicy - Default - An unexpected exception was caught
 http://localhost:30333/owner/my-listings
System.Reflection.TargetInvocationException: Exception has been thrown by the target of an invocation. ---> System.Web.HttpCompileException: f:\Orchard\www.showdigs.co.uk\src\Orchard.Web\Modules\ivNet.Listing\Views\Shared\_AddressDetail.cshtml(3): error CS1963: An expression tree may not contain a dynamic operation
   at System.Web.Compilation.AssemblyBuilder.Compile()
   at System.Web.Compilation.BuildProvidersCompiler.PerformBuild()
   at System.Web.Compilation.BuildManager.CompileWebFile(VirtualPath virtualPath)
   at System.Web.Compilation.BuildManager.GetVPathBuildResultInternal(VirtualPath virtualPath, Boolean noBuild, Boolean allowCrossApp, Boolean allowBuildInPrecompile, Boolean throwIfNotFound, Boolean ensureIsUpToDate)
   at System.Web.Compilation.BuildManager.GetVPathBuildResultWithNoAssert(HttpContext context, VirtualPath virtualPath, Boolean noBuild, Boolean allowCrossApp, Boolean allowBuildInPrecompile, Boolean throwIfNotFound, Boolean ensureIsUpToDate)
   at System.Web.Compilation.BuildManager.GetVirtualPathObjectFactory(VirtualPath virtualPath, HttpContext context, Boolean allowCrossApp, Boolean throwIfNotFound)
   at System.Web.Compilation.BuildManager.GetCompiledType(VirtualPath virtualPath)
   at System.Web.Compilation.BuildManager.GetCompiledType(String virtualPath)
   at System.Web.Mvc.BuildManagerWrapper.System.Web.Mvc.IBuildManager.GetCompiledType(String virtualPath)
   at System.Web.Mvc.BuildManagerCompiledView.Render(ViewContext viewContext, TextWriter writer)
   at System.Web.Mvc.HtmlHelper.RenderPartialInternal(String partialViewName, ViewDataDictionary viewData, Object model, TextWriter writer, ViewEngineCollection viewEngineCollection)
   at System.Web.Mvc.Html.PartialExtensions.Partial(HtmlHelper htmlHelper, String partialViewName, Object model, ViewDataDictionary viewData)
   at System.Web.Mvc.Html.PartialExtensions.Partial(HtmlHelper htmlHelper, String partialViewName)
   at ASP._Page_Modules_ivNet_Listing_Views_Widget_Name_MyListingsTable_cshtml.Execute() in f:\Orchard\www.showdigs.co.uk\src\Orchard.Web\Modules\ivNet.Listing\Views\Widget-Name-MyListingsTable.cshtml:line 30
   at System.Web.WebPages.WebPageBase.ExecutePageHierarchy()
   at System.Web.Mvc.WebViewPage.ExecutePageHierarchy()
   at System.Web.WebPages.WebPageBase.ExecutePageHierarchy(WebPageContext pageContext, TextWriter writer, WebPageRenderingBase startPage)
   at System.Web.Mvc.RazorView.RenderView(ViewContext viewContext, TextWriter writer, Object instance)
   at System.Web.Mvc.BuildManagerCompiledView.Render(ViewContext viewContext, TextWriter writer)
   at System.Web.Mvc.HtmlHelper.RenderPartialInternal(String partialViewName, ViewDataDictionary viewData, Object model, TextWriter writer, ViewEngineCollection viewEngineCollection)
   at System.Web.Mvc.Html.PartialExtensions.Partial(HtmlHelper htmlHelper, String partialViewName, Object model, ViewDataDictionary viewData)
   at System.Web.Mvc.Html.PartialExtensions.Partial(HtmlHelper htmlHelper, String partialViewName, Object model)
   at Orchard.DisplayManagement.Descriptors.ShapeTemplateStrategy.ShapeTemplateBindingStrategy.Render(ShapeDescriptor shapeDescriptor, DisplayContext displayContext, HarvestShapeInfo harvestShapeInfo, HarvestShapeHit harvestShapeHit) in e:\Orchard\www.showdigs.co.uk\src\Orchard\DisplayManagement\Descriptors\ShapeTemplateStrategy\ShapeTemplateBindingStrategy.cs:line 151
   at Orchard.DisplayManagement.Descriptors.ShapeTemplateStrategy.ShapeTemplateBindingStrategy.<>c__DisplayClass26.<>c__DisplayClass28.<Discover>b__15(DisplayContext displayContext) in e:\Orchard\www.showdigs.co.uk\src\Orchard\DisplayManagement\Descriptors\ShapeTemplateStrategy\ShapeTemplateBindingStrategy.cs:line 133
   at Orchard.DisplayManagement.Descriptors.ShapeAlterationBuilder.<>c__DisplayClass3.<>c__DisplayClass5.<BoundAs>b__2(DisplayContext displayContext) in e:\Orchard\www.showdigs.co.uk\src\Orchard\DisplayManagement\Descriptors\ShapeAlterationBuilder.cs:line 56
   at Orchard.DisplayManagement.Implementation.DefaultDisplayManager.Process(ShapeBinding shapeBinding, IShape shape, DisplayContext context) in e:\Orchard\www.showdigs.co.uk\src\Orchard\DisplayManagement\Implementation\DefaultDisplayManager.cs:line 185
   at Orchard.DisplayManagement.Implementation.DefaultDisplayManager.Execute(DisplayContext context) in e:\Orchard\www.showdigs.co.uk\src\Orchard\DisplayManagement\Implementation\DefaultDisplayManager.cs:line 94
   at Orchard.DisplayManagement.Implementation.DisplayHelper.ShapeExecute(Object shape) in e:\Orchard\www.showdigs.co.uk\src\Orchard\DisplayManagement\Implementation\DisplayHelper.cs:line 86
   at Orchard.DisplayManagement.Implementation.DisplayHelper.Invoke(String name, INamedEnumerable`1 parameters) in e:\Orchard\www.showdigs.co.uk\src\Orchard\DisplayManagement\Implementation\DisplayHelper.cs:line 44
   at Orchard.DisplayManagement.Implementation.DisplayHelper.TryInvoke(InvokeBinder binder, Object[] args, Object& result) in e:\Orchard\www.showdigs.co.uk\src\Orchard\DisplayManagement\Implementation\DisplayHelper.cs:line 29
   at CallSite.Target(Closure , CallSite , Object , Object )
   at System.Dynamic.UpdateDelegates.UpdateAndExecute2[T0,T1,TRet](CallSite site, T0 arg0, T1 arg1)
   at CallSite.Target(Closure , CallSite , Object , Object )
   at Orchard.Core.Shapes.CoreShapes.Zone(Object Display, Object Shape, TextWriter Output) in e:\Orchard\www.showdigs.co.uk\src\Orchard.Web\Core\Shapes\CoreShapes.cs:line 267
   --- End of inner exception stack trace ---
   at System.RuntimeMethodHandle.InvokeMethod(Object target, Object[] arguments, Signature sig, Boolean constructor)
   at System.Reflection.RuntimeMethodInfo.UnsafeInvokeInternal(Object obj, Object[] parameters, Object[] arguments)
   at System.Reflection.RuntimeMethodInfo.Invoke(Object obj, BindingFlags invokeAttr, Binder binder, Object[] parameters, CultureInfo culture)
   at System.Reflection.MethodBase.Invoke(Object obj, Object[] parameters)
   at Orchard.DisplayManagement.Descriptors.ShapeAttributeStrategy.ShapeAttributeBindingStrategy.PerformInvoke(DisplayContext displayContext, MethodInfo methodInfo, Object serviceInstance) in e:\Orchard\www.showdigs.co.uk\src\Orchard\DisplayManagement\Descriptors\ShapeAttributeStrategy\ShapeAttributeBindingStrategy.cs:line 64
   at Orchard.DisplayManagement.Descriptors.ShapeAttributeStrategy.ShapeAttributeBindingStrategy.<>c__DisplayClass4.<CreateDelegate>b__3(DisplayContext context) in e:\Orchard\www.showdigs.co.uk\src\Orchard\DisplayManagement\Descriptors\ShapeAttributeStrategy\ShapeAttributeBindingStrategy.cs:line 55
   at Orchard.DisplayManagement.Descriptors.ShapeAlterationBuilder.<>c__DisplayClass3.<>c__DisplayClass5.<BoundAs>b__2(DisplayContext displayContext) in e:\Orchard\www.showdigs.co.uk\src\Orchard\DisplayManagement\Descriptors\ShapeAlterationBuilder.cs:line 56
   at Orchard.DisplayManagement.Implementation.DefaultDisplayManager.Process(ShapeBinding shapeBinding, IShape shape, DisplayContext context) in e:\Orchard\www.showdigs.co.uk\src\Orchard\DisplayManagement\Implementation\DefaultDisplayManager.cs:line 185
   at Orchard.DisplayManagement.Implementation.DefaultDisplayManager.Execute(DisplayContext context) in e:\Orchard\www.showdigs.co.uk\src\Orchard\DisplayManagement\Implementation\DefaultDisplayManager.cs:line 94
   at Orchard.DisplayManagement.Implementation.DisplayHelper.ShapeExecute(Object shape) in e:\Orchard\www.showdigs.co.uk\src\Orchard\DisplayManagement\Implementation\DisplayHelper.cs:line 86
   at Orchard.DisplayManagement.Implementation.DisplayHelper.Invoke(String name, INamedEnumerable`1 parameters) in e:\Orchard\www.showdigs.co.uk\src\Orchard\DisplayManagement\Implementation\DisplayHelper.cs:line 44
   at Orchard.DisplayManagement.Implementation.DisplayHelper.TryInvoke(InvokeBinder binder, Object[] args, Object& result) in e:\Orchard\www.showdigs.co.uk\src\Orchard\DisplayManagement\Implementation\DisplayHelper.cs:line 29
   at CallSite.Target(Closure , CallSite , Object , Object )
   at ASP._Page_Themes_PJS_Bootstrap_Views_Layout_cshtml.<Execute>b__b9(Object x) in f:\Orchard\www.showdigs.co.uk\src\Orchard.Web\Themes\PJS.Bootstrap\Views\Layout.cshtml:line 20
   at CallSite.Target(Closure , CallSite , Func`2 , Object )
   at ASP._Page_Themes_PJS_Bootstrap_Views_Layout_cshtml.Execute() in f:\Orchard\www.showdigs.co.uk\src\Orchard.Web\Themes\PJS.Bootstrap\Views\Layout.cshtml:line 117
   at System.Web.WebPages.WebPageBase.ExecutePageHierarchy()
   at System.Web.Mvc.WebViewPage.ExecutePageHierarchy()
   at System.Web.WebPages.WebPageBase.ExecutePageHierarchy(WebPageContext pageContext, TextWriter writer, WebPageRenderingBase startPage)
   at System.Web.Mvc.RazorView.RenderView(ViewContext viewContext, TextWriter writer, Object instance)
   at System.Web.Mvc.BuildManagerCompiledView.Render(ViewContext viewContext, TextWriter writer)
   at System.Web.Mvc.HtmlHelper.RenderPartialInternal(String partialViewName, ViewDataDictionary viewData, Object model, TextWriter writer, ViewEngineCollection viewEngineCollection)
   at System.Web.Mvc.Html.PartialExtensions.Partial(HtmlHelper htmlHelper, String partialViewName, Object model, ViewDataDictionary viewData)
   at System.Web.Mvc.Html.PartialExtensions.Partial(HtmlHelper htmlHelper, String partialViewName, Object model)
   at Orchard.DisplayManagement.Descriptors.ShapeTemplateStrategy.ShapeTemplateBindingStrategy.Render(ShapeDescriptor shapeDescriptor, DisplayContext displayContext, HarvestShapeInfo harvestShapeInfo, HarvestShapeHit harvestShapeHit) in e:\Orchard\www.showdigs.co.uk\src\Orchard\DisplayManagement\Descriptors\ShapeTemplateStrategy\ShapeTemplateBindingStrategy.cs:line 151
   at Orchard.DisplayManagement.Descriptors.ShapeTemplateStrategy.ShapeTemplateBindingStrategy.<>c__DisplayClass26.<>c__DisplayClass28.<Discover>b__15(DisplayContext displayContext) in e:\Orchard\www.showdigs.co.uk\src\Orchard\DisplayManagement\Descriptors\ShapeTemplateStrategy\ShapeTemplateBindingStrategy.cs:line 133
   at Orchard.DisplayManagement.Descriptors.ShapeAlterationBuilder.<>c__DisplayClass3.<>c__DisplayClass5.<BoundAs>b__2(DisplayContext displayContext) in e:\Orchard\www.showdigs.co.uk\src\Orchard\DisplayManagement\Descriptors\ShapeAlterationBuilder.cs:line 56
   at Orchard.DisplayManagement.Implementation.DefaultDisplayManager.Process(ShapeBinding shapeBinding, IShape shape, DisplayContext context) in e:\Orchard\www.showdigs.co.uk\src\Orchard\DisplayManagement\Implementation\DefaultDisplayManager.cs:line 185
   at Orchard.DisplayManagement.Implementation.DefaultDisplayManager.Execute(DisplayContext context) in e:\Orchard\www.showdigs.co.uk\src\Orchard\DisplayManagement\Implementation\DefaultDisplayManager.cs:line 94
   at Orchard.DisplayManagement.Implementation.DisplayHelper.ShapeExecute(Object shape) in e:\Orchard\www.showdigs.co.uk\src\Orchard\DisplayManagement\Implementation\DisplayHelper.cs:line 86
   at Orchard.DisplayManagement.Implementation.DisplayHelper.Invoke(String name, INamedEnumerable`1 parameters) in e:\Orchard\www.showdigs.co.uk\src\Orchard\DisplayManagement\Implementation\DisplayHelper.cs:line 44
   at Orchard.DisplayManagement.Implementation.DisplayHelper.TryInvoke(InvokeBinder binder, Object[] args, Object& result) in e:\Orchard\www.showdigs.co.uk\src\Orchard\DisplayManagement\Implementation\DisplayHelper.cs:line 29
   at CallSite.Target(Closure , CallSite , Object , Object )
   at Orchard.Mvc.ViewEngines.ThemeAwareness.LayoutAwareViewEngine.<>c__DisplayClass7.<FindView>b__5(ViewContext viewContext, TextWriter writer, IViewDataContainer viewDataContainer) in e:\Orchard\www.showdigs.co.uk\src\Orchard\Mvc\ViewEngines\ThemeAwareness\LayoutAwareViewEngine.cs:line 63
   at Orchard.Mvc.ViewEngines.ThemeAwareness.LayoutAwareViewEngine.LayoutView.Render(ViewContext viewContext, TextWriter writer) in e:\Orchard\www.showdigs.co.uk\src\Orchard\Mvc\ViewEngines\ThemeAwareness\LayoutAwareViewEngine.cs:line 90
   at System.Web.Mvc.ViewResultBase.ExecuteResult(ControllerContext context)
   at System.Web.Mvc.ControllerActionInvoker.InvokeActionResult(ControllerContext controllerContext, ActionResult actionResult)
   at System.Web.Mvc.ControllerActionInvoker.InvokeActionResultFilterRecursive(IList`1 filters, Int32 filterIndex, ResultExecutingContext preContext, ControllerContext controllerContext, ActionResult actionResult)
   at System.Web.Mvc.ControllerActionInvoker.InvokeActionResultFilterRecursive(IList`1 filters, Int32 filterIndex, ResultExecutingContext preContext, ControllerContext controllerContext, ActionResult actionResult)
   at System.Web.Mvc.ControllerActionInvoker.InvokeActionResultFilterRecursive(IList`1 filters, Int32 filterIndex, ResultExecutingContext preContext, ControllerContext controllerContext, ActionResult actionResult)
   at System.Web.Mvc.ControllerActionInvoker.InvokeActionResultFilterRecursive(IList`1 filters, Int32 filterIndex, ResultExecutingContext preContext, ControllerContext controllerContext, ActionResult actionResult)
   at System.Web.Mvc.ControllerActionInvoker.InvokeActionResultFilterRecursive(IList`1 filters, Int32 filterIndex, ResultExecutingContext preContext, ControllerContext controllerContext, ActionResult actionResult)
   at System.Web.Mvc.ControllerActionInvoker.InvokeActionResultFilterRecursive(IList`1 filters, Int32 filterIndex, ResultExecutingContext preContext, ControllerContext controllerContext, ActionResult actionResult)
   at System.Web.Mvc.ControllerActionInvoker.InvokeActionResultFilterRecursive(IList`1 filters, Int32 filterIndex, ResultExecutingContext preContext, ControllerContext controllerContext, ActionResult actionResult)
   at System.Web.Mvc.ControllerActionInvoker.InvokeActionResultFilterRecursive(IList`1 filters, Int32 filterIndex, ResultExecutingContext preContext, ControllerContext controllerContext, ActionResult actionResult)
   at System.Web.Mvc.ControllerActionInvoker.InvokeActionResultFilterRecursive(IList`1 filters, Int32 filterIndex, ResultExecutingContext preContext, ControllerContext controllerContext, ActionResult actionResult)
2015-04-09 16:33:34,550 [23] Orchard.Exceptions.DefaultExceptionPolicy - Default - An unexpected exception was caught
 http://localhost:30333/owner/registration
System.Web.HttpCompileException (0x80004005): f:\Orchard\www.showdigs.co.uk\src\Orchard.Web\Modules\ivNet.Listing\Views\Shared\_AddressDetail.cshtml(3): error CS1963: An expression tree may not contain a dynamic operation
   at System.Web.Compilation.AssemblyBuilder.Compile()
   at System.Web.Compilation.BuildProvidersCompiler.PerformBuild()
   at System.Web.Compilation.BuildManager.CompileWebFile(VirtualPath virtualPath)
   at System.Web.Compilation.BuildManager.GetVPathBuildResultInternal(VirtualPath virtualPath, Boolean noBuild, Boolean allowCrossApp, Boolean allowBuildInPrecompile, Boolean throwIfNotFound, Boolean ensureIsUpToDate)
   at System.Web.Compilation.BuildManager.GetVPathBuildResultWithNoAssert(HttpContext context, VirtualPath virtualPath, Boolean noBuild, Boolean allowCrossApp, Boolean allowBuildInPrecompile, Boolean throwIfNotFound, Boolean ensureIsUpToDate)
   at System.Web.Compilation.BuildManager.GetVirtualPathObjectFactory(VirtualPath virtualPath, HttpContext context, Boolean allowCrossApp, Boolean throwIfNotFound)
   at System.Web.Compilation.BuildManager.GetCompiledType(VirtualPath virtualPath)
   at System.Web.Compilation.BuildManager.GetCompiledType(String virtualPath)
   at System.Web.Mvc.BuildManagerWrapper.System.Web.Mvc.IBuildManager.GetCompiledType(String virtualPath)
   at System.Web.Mvc.BuildManagerCompiledView.Render(ViewContext viewContext, TextWriter writer)
   at System.Web.Mvc.HtmlHelper.RenderPartialInternal(String partialViewName, ViewDataDictionary viewData, Object model, TextWriter writer, ViewEngineCollection viewEngineCollection)
   at System.Web.Mvc.Html.PartialExtensions.Partial(HtmlHelper htmlHelper, String partialViewName, Object model, ViewDataDictionary viewData)
   at System.Web.Mvc.Html.PartialExtensions.Partial(HtmlHelper htmlHelper, String partialViewName)
   at ASP._Page_Modules_ivNet_Listing_Views_Site_Registration_Index_cshtml.Execute() in f:\Orchard\www.showdigs.co.uk\src\Orchard.Web\Modules\ivNet.Listing\Views\Site\Registration\Index.cshtml:line 31
   at System.Web.WebPages.WebPageBase.ExecutePageHierarchy()
   at System.Web.Mvc.WebViewPage.ExecutePageHierarchy()
   at System.Web.WebPages.WebPageBase.ExecutePageHierarchy(WebPageContext pageContext, TextWriter writer, WebPageRenderingBase startPage)
   at System.Web.Mvc.RazorView.RenderView(ViewContext viewContext, TextWriter writer, Object instance)
   at System.Web.Mvc.BuildManagerCompiledView.Render(ViewContext viewContext, TextWriter writer)
   at Orchard.Mvc.ViewEngines.ThemeAwareness.LayoutAwareViewEngine.<>c__DisplayClass7.<FindView>b__5(ViewContext viewContext, TextWriter writer, IViewDataContainer viewDataContainer) in e:\Orchard\www.showdigs.co.uk\src\Orchard\Mvc\ViewEngines\ThemeAwareness\LayoutAwareViewEngine.cs:line 59
   at Orchard.Mvc.ViewEngines.ThemeAwareness.LayoutAwareViewEngine.LayoutView.Render(ViewContext viewContext, TextWriter writer) in e:\Orchard\www.showdigs.co.uk\src\Orchard\Mvc\ViewEngines\ThemeAwareness\LayoutAwareViewEngine.cs:line 90
   at System.Web.Mvc.ViewResultBase.ExecuteResult(ControllerContext context)
   at System.Web.Mvc.ControllerActionInvoker.InvokeActionResult(ControllerContext controllerContext, ActionResult actionResult)
   at System.Web.Mvc.ControllerActionInvoker.InvokeActionResultFilterRecursive(IList`1 filters, Int32 filterIndex, ResultExecutingContext preContext, ControllerContext controllerContext, ActionResult actionResult)
   at System.Web.Mvc.ControllerActionInvoker.InvokeActionResultFilterRecursive(IList`1 filters, Int32 filterIndex, ResultExecutingContext preContext, ControllerContext controllerContext, ActionResult actionResult)
   at System.Web.Mvc.ControllerActionInvoker.InvokeActionResultFilterRecursive(IList`1 filters, Int32 filterIndex, ResultExecutingContext preContext, ControllerContext controllerContext, ActionResult actionResult)
   at System.Web.Mvc.ControllerActionInvoker.InvokeActionResultFilterRecursive(IList`1 filters, Int32 filterIndex, ResultExecutingContext preContext, ControllerContext controllerContext, ActionResult actionResult)
   at System.Web.Mvc.ControllerActionInvoker.InvokeActionResultFilterRecursive(IList`1 filters, Int32 filterIndex, ResultExecutingContext preContext, ControllerContext controllerContext, ActionResult actionResult)
   at System.Web.Mvc.ControllerActionInvoker.InvokeActionResultFilterRecursive(IList`1 filters, Int32 filterIndex, ResultExecutingContext preContext, ControllerContext controllerContext, ActionResult actionResult)
   at System.Web.Mvc.ControllerActionInvoker.InvokeActionResultFilterRecursive(IList`1 filters, Int32 filterIndex, ResultExecutingContext preContext, ControllerContext controllerContext, ActionResult actionResult)
   at System.Web.Mvc.ControllerActionInvoker.InvokeActionResultFilterRecursive(IList`1 filters, Int32 filterIndex, ResultExecutingContext preContext, ControllerContext controllerContext, ActionResult actionResult)
   at System.Web.Mvc.ControllerActionInvoker.InvokeActionResultFilterRecursive(IList`1 filters, Int32 filterIndex, ResultExecutingContext preContext, ControllerContext controllerContext, ActionResult actionResult)
2015-04-09 16:35:41,101 [9] Orchard.Exceptions.DefaultExceptionPolicy - Default - An unexpected exception was caught
 http://localhost:30333/owner/my-listings
System.Reflection.TargetInvocationException: Exception has been thrown by the target of an invocation. ---> System.InvalidOperationException: The partial view 'Shared/_AddressDetail' was not found or no view engine supports the searched locations. The following locations were searched:
~/Themes/ivNet.ShowDigs/Views/Contents/Item/Shared/_AddressDetail.cshtml
~/Themes/ivNet.ShowDigs/Views/Shared/_AddressDetail.cshtml
~/Themes/PJS.Bootstrap/Views/Contents/Item/Shared/_AddressDetail.cshtml
~/Themes/PJS.Bootstrap/Views/Shared/_AddressDetail.cshtml
~/Core/Contents/Views/Item/Shared/_AddressDetail.cshtml
~/Modules/Contents/Views/Item/Shared/_AddressDetail.cshtml
~/Themes/Contents/Views/Item/Shared/_AddressDetail.cshtml
~/Core/Reports/Views/Shared/_AddressDetail.cshtml
~/Core/Dashboard/Views/Shared/_AddressDetail.cshtml
~/Modules/TinyMce/Views/Shared/_AddressDetail.cshtml
~/Modules/Orchard.Taxonomies/Views/Shared/_AddressDetail.cshtml
~/Modules/Orchard.Tags/Views/Shared/_AddressDetail.cshtml
~/Modules/Orchard.Scripting/Views/Shared/_AddressDetail.cshtml
~/Modules/Orchard.Recipes/Views/Shared/_AddressDetail.cshtml
~/Modules/Orchard.Projections/Views/Shared/_AddressDetail.cshtml
~/Modules/Orchard.Pages/Views/Shared/_AddressDetail.cshtml
~/Modules/Orchard.Packaging/Views/Shared/_AddressDetail.cshtml
~/Modules/Orchard.Modules/Views/Shared/_AddressDetail.cshtml
~/Modules/Orchard.Media/Views/Shared/_AddressDetail.cshtml
~/Core/Containers/Views/Shared/_AddressDetail.cshtml
~/Modules/Orchard.ImageEditor/Views/Shared/_AddressDetail.cshtml
~/Modules/Orchard.Fields/Views/Shared/_AddressDetail.cshtml
~/Modules/Orchard.Email/Views/Shared/_AddressDetail.cshtml
~/Modules/Orchard.DesignerTools/Views/Shared/_AddressDetail.cshtml
~/Modules/Orchard.ContentTypes/Views/Shared/_AddressDetail.cshtml
~/Modules/Orchard.ContentPermissions/Views/Shared/_AddressDetail.cshtml
~/Modules/Orchard.Roles/Views/Shared/_AddressDetail.cshtml
~/Modules/Orchard.Users/Views/Shared/_AddressDetail.cshtml
~/Modules/Orchard.Workflows/Views/Shared/_AddressDetail.cshtml
~/Modules/Orchard.Comments/Views/Shared/_AddressDetail.cshtml
~/Modules/Orchard.CodeGeneration/Views/Shared/_AddressDetail.cshtml
~/Modules/Orchard.ContentPicker/Views/Shared/_AddressDetail.cshtml
~/Core/Contents/Views/Shared/_AddressDetail.cshtml
~/Modules/Orchard.Blogs/Views/Shared/_AddressDetail.cshtml
~/Core/Shapes/Views/Shared/_AddressDetail.cshtml
~/Core/Navigation/Views/Shared/_AddressDetail.cshtml
~/Core/Feeds/Views/Shared/_AddressDetail.cshtml
~/Modules/Orchard.Widgets/Views/Shared/_AddressDetail.cshtml
~/Modules/Orchard.Themes/Views/Shared/_AddressDetail.cshtml
~/Modules/Orchard.PublishLater/Views/Shared/_AddressDetail.cshtml
~/Modules/Orchard.MediaLibrary/Views/Shared/_AddressDetail.cshtml
~/Core/Title/Views/Shared/_AddressDetail.cshtml
~/Modules/Orchard.MediaProcessing/Views/Shared/_AddressDetail.cshtml
~/Modules/Orchard.Forms/Views/Shared/_AddressDetail.cshtml
~/Modules/Orchard.OutputCache/Views/Shared/_AddressDetail.cshtml
~/Modules/Orchard.Autoroute/Views/Shared/_AddressDetail.cshtml
~/Core/Scheduling/Views/Shared/_AddressDetail.cshtml
~/Modules/Orchard.Tokens/Views/Shared/_AddressDetail.cshtml
~/Modules/Orchard.jQuery/Views/Shared/_AddressDetail.cshtml
~/Modules/Orchard.Alias/Views/Shared/_AddressDetail.cshtml
~/Core/Common/Views/Shared/_AddressDetail.cshtml
~/Core/Settings/Views/Shared/_AddressDetail.cshtml
~/Modules/ivNet.Mail/Views/Shared/_AddressDetail.cshtml
~/Modules/ivNet.Listing/Views/Shared/_AddressDetail.cshtml
   at System.Web.Mvc.HtmlHelper.FindPartialView(ViewContext viewContext, String partialViewName, ViewEngineCollection viewEngineCollection)
   at System.Web.Mvc.HtmlHelper.RenderPartialInternal(String partialViewName, ViewDataDictionary viewData, Object model, TextWriter writer, ViewEngineCollection viewEngineCollection)
   at System.Web.Mvc.Html.PartialExtensions.Partial(HtmlHelper htmlHelper, String partialViewName, Object model, ViewDataDictionary viewData)
   at System.Web.Mvc.Html.PartialExtensions.Partial(HtmlHelper htmlHelper, String partialViewName)
   at ASP._Page_Modules_ivNet_Listing_Views_Widget_Name_MyListingsTable_cshtml.Execute() in f:\Orchard\www.showdigs.co.uk\src\Orchard.Web\Modules\ivNet.Listing\Views\Widget-Name-MyListingsTable.cshtml:line 30
   at System.Web.WebPages.WebPageBase.ExecutePageHierarchy()
   at System.Web.Mvc.WebViewPage.ExecutePageHierarchy()
   at System.Web.WebPages.WebPageBase.ExecutePageHierarchy(WebPageContext pageContext, TextWriter writer, WebPageRenderingBase startPage)
   at System.Web.Mvc.RazorView.RenderView(ViewContext viewContext, TextWriter writer, Object instance)
   at System.Web.Mvc.BuildManagerCompiledView.Render(ViewContext viewContext, TextWriter writer)
   at System.Web.Mvc.HtmlHelper.RenderPartialInternal(String partialViewName, ViewDataDictionary viewData, Object model, TextWriter writer, ViewEngineCollection viewEngineCollection)
   at System.Web.Mvc.Html.PartialExtensions.Partial(HtmlHelper htmlHelper, String partialViewName, Object model, ViewDataDictionary viewData)
   at System.Web.Mvc.Html.PartialExtensions.Partial(HtmlHelper htmlHelper, String partialViewName, Object model)
   at Orchard.DisplayManagement.Descriptors.ShapeTemplateStrategy.ShapeTemplateBindingStrategy.Render(ShapeDescriptor shapeDescriptor, DisplayContext displayContext, HarvestShapeInfo harvestShapeInfo, HarvestShapeHit harvestShapeHit) in e:\Orchard\www.showdigs.co.uk\src\Orchard\DisplayManagement\Descriptors\ShapeTemplateStrategy\ShapeTemplateBindingStrategy.cs:line 151
   at Orchard.DisplayManagement.Descriptors.ShapeTemplateStrategy.ShapeTemplateBindingStrategy.<>c__DisplayClass26.<>c__DisplayClass28.<Discover>b__15(DisplayContext displayContext) in e:\Orchard\www.showdigs.co.uk\src\Orchard\DisplayManagement\Descriptors\ShapeTemplateStrategy\ShapeTemplateBindingStrategy.cs:line 133
   at Orchard.DisplayManagement.Descriptors.ShapeAlterationBuilder.<>c__DisplayClass3.<>c__DisplayClass5.<BoundAs>b__2(DisplayContext displayContext) in e:\Orchard\www.showdigs.co.uk\src\Orchard\DisplayManagement\Descriptors\ShapeAlterationBuilder.cs:line 56
   at Orchard.DisplayManagement.Implementation.DefaultDisplayManager.Process(ShapeBinding shapeBinding, IShape shape, DisplayContext context) in e:\Orchard\www.showdigs.co.uk\src\Orchard\DisplayManagement\Implementation\DefaultDisplayManager.cs:line 185
   at Orchard.DisplayManagement.Implementation.DefaultDisplayManager.Execute(DisplayContext context) in e:\Orchard\www.showdigs.co.uk\src\Orchard\DisplayManagement\Implementation\DefaultDisplayManager.cs:line 94
   at Orchard.DisplayManagement.Implementation.DisplayHelper.ShapeExecute(Object shape) in e:\Orchard\www.showdigs.co.uk\src\Orchard\DisplayManagement\Implementation\DisplayHelper.cs:line 86
   at Orchard.DisplayManagement.Implementation.DisplayHelper.Invoke(String name, INamedEnumerable`1 parameters) in e:\Orchard\www.showdigs.co.uk\src\Orchard\DisplayManagement\Implementation\DisplayHelper.cs:line 44
   at Orchard.DisplayManagement.Implementation.DisplayHelper.TryInvoke(InvokeBinder binder, Object[] args, Object& result) in e:\Orchard\www.showdigs.co.uk\src\Orchard\DisplayManagement\Implementation\DisplayHelper.cs:line 29
   at CallSite.Target(Closure , CallSite , Object , Object )
   at System.Dynamic.UpdateDelegates.UpdateAndExecute2[T0,T1,TRet](CallSite site, T0 arg0, T1 arg1)
   at CallSite.Target(Closure , CallSite , Object , Object )
   at Orchard.Core.Shapes.CoreShapes.Zone(Object Display, Object Shape, TextWriter Output) in e:\Orchard\www.showdigs.co.uk\src\Orchard.Web\Core\Shapes\CoreShapes.cs:line 267
   --- End of inner exception stack trace ---
   at System.RuntimeMethodHandle.InvokeMethod(Object target, Object[] arguments, Signature sig, Boolean constructor)
   at System.Reflection.RuntimeMethodInfo.UnsafeInvokeInternal(Object obj, Object[] parameters, Object[] arguments)
   at System.Reflection.RuntimeMethodInfo.Invoke(Object obj, BindingFlags invokeAttr, Binder binder, Object[] parameters, CultureInfo culture)
   at System.Reflection.MethodBase.Invoke(Object obj, Object[] parameters)
   at Orchard.DisplayManagement.Descriptors.ShapeAttributeStrategy.ShapeAttributeBindingStrategy.PerformInvoke(DisplayContext displayContext, MethodInfo methodInfo, Object serviceInstance) in e:\Orchard\www.showdigs.co.uk\src\Orchard\DisplayManagement\Descriptors\ShapeAttributeStrategy\ShapeAttributeBindingStrategy.cs:line 64
   at Orchard.DisplayManagement.Descriptors.ShapeAttributeStrategy.ShapeAttributeBindingStrategy.<>c__DisplayClass4.<CreateDelegate>b__3(DisplayContext context) in e:\Orchard\www.showdigs.co.uk\src\Orchard\DisplayManagement\Descriptors\ShapeAttributeStrategy\ShapeAttributeBindingStrategy.cs:line 55
   at Orchard.DisplayManagement.Descriptors.ShapeAlterationBuilder.<>c__DisplayClass3.<>c__DisplayClass5.<BoundAs>b__2(DisplayContext displayContext) in e:\Orchard\www.showdigs.co.uk\src\Orchard\DisplayManagement\Descriptors\ShapeAlterationBuilder.cs:line 56
   at Orchard.DisplayManagement.Implementation.DefaultDisplayManager.Process(ShapeBinding shapeBinding, IShape shape, DisplayContext context) in e:\Orchard\www.showdigs.co.uk\src\Orchard\DisplayManagement\Implementation\DefaultDisplayManager.cs:line 185
   at Orchard.DisplayManagement.Implementation.DefaultDisplayManager.Execute(DisplayContext context) in e:\Orchard\www.showdigs.co.uk\src\Orchard\DisplayManagement\Implementation\DefaultDisplayManager.cs:line 94
   at Orchard.DisplayManagement.Implementation.DisplayHelper.ShapeExecute(Object shape) in e:\Orchard\www.showdigs.co.uk\src\Orchard\DisplayManagement\Implementation\DisplayHelper.cs:line 86
   at Orchard.DisplayManagement.Implementation.DisplayHelper.Invoke(String name, INamedEnumerable`1 parameters) in e:\Orchard\www.showdigs.co.uk\src\Orchard\DisplayManagement\Implementation\DisplayHelper.cs:line 44
   at Orchard.DisplayManagement.Implementation.DisplayHelper.TryInvoke(InvokeBinder binder, Object[] args, Object& result) in e:\Orchard\www.showdigs.co.uk\src\Orchard\DisplayManagement\Implementation\DisplayHelper.cs:line 29
   at CallSite.Target(Closure , CallSite , Object , Object )
   at ASP._Page_Themes_PJS_Bootstrap_Views_Layout_cshtml.<Execute>b__b9(Object x) in f:\Orchard\www.showdigs.co.uk\src\Orchard.Web\Themes\PJS.Bootstrap\Views\Layout.cshtml:line 20
   at CallSite.Target(Closure , CallSite , Func`2 , Object )
   at System.Dynamic.UpdateDelegates.UpdateAndExecute2[T0,T1,TRet](CallSite site, T0 arg0, T1 arg1)
   at ASP._Page_Themes_PJS_Bootstrap_Views_Layout_cshtml.Execute() in f:\Orchard\www.showdigs.co.uk\src\Orchard.Web\Themes\PJS.Bootstrap\Views\Layout.cshtml:line 117
   at System.Web.WebPages.WebPageBase.ExecutePageHierarchy()
   at System.Web.Mvc.WebViewPage.ExecutePageHierarchy()
   at System.Web.WebPages.WebPageBase.ExecutePageHierarchy(WebPageContext pageContext, TextWriter writer, WebPageRenderingBase startPage)
   at System.Web.Mvc.RazorView.RenderView(ViewContext viewContext, TextWriter writer, Object instance)
   at System.Web.Mvc.BuildManagerCompiledView.Render(ViewContext viewContext, TextWriter writer)
   at System.Web.Mvc.HtmlHelper.RenderPartialInternal(String partialViewName, ViewDataDictionary viewData, Object model, TextWriter writer, ViewEngineCollection viewEngineCollection)
   at System.Web.Mvc.Html.PartialExtensions.Partial(HtmlHelper htmlHelper, String partialViewName, Object model, ViewDataDictionary viewData)
   at System.Web.Mvc.Html.PartialExtensions.Partial(HtmlHelper htmlHelper, String partialViewName, Object model)
   at Orchard.DisplayManagement.Descriptors.ShapeTemplateStrategy.ShapeTemplateBindingStrategy.Render(ShapeDescriptor shapeDescriptor, DisplayContext displayContext, HarvestShapeInfo harvestShapeInfo, HarvestShapeHit harvestShapeHit) in e:\Orchard\www.showdigs.co.uk\src\Orchard\DisplayManagement\Descriptors\ShapeTemplateStrategy\ShapeTemplateBindingStrategy.cs:line 151
   at Orchard.DisplayManagement.Descriptors.ShapeTemplateStrategy.ShapeTemplateBindingStrategy.<>c__DisplayClass26.<>c__DisplayClass28.<Discover>b__15(DisplayContext displayContext) in e:\Orchard\www.showdigs.co.uk\src\Orchard\DisplayManagement\Descriptors\ShapeTemplateStrategy\ShapeTemplateBindingStrategy.cs:line 133
   at Orchard.DisplayManagement.Descriptors.ShapeAlterationBuilder.<>c__DisplayClass3.<>c__DisplayClass5.<BoundAs>b__2(DisplayContext displayContext) in e:\Orchard\www.showdigs.co.uk\src\Orchard\DisplayManagement\Descriptors\ShapeAlterationBuilder.cs:line 56
   at Orchard.DisplayManagement.Implementation.DefaultDisplayManager.Process(ShapeBinding shapeBinding, IShape shape, DisplayContext context) in e:\Orchard\www.showdigs.co.uk\src\Orchard\DisplayManagement\Implementation\DefaultDisplayManager.cs:line 185
   at Orchard.DisplayManagement.Implementation.DefaultDisplayManager.Execute(DisplayContext context) in e:\Orchard\www.showdigs.co.uk\src\Orchard\DisplayManagement\Implementation\DefaultDisplayManager.cs:line 94
   at Orchard.DisplayManagement.Implementation.DisplayHelper.ShapeExecute(Object shape) in e:\Orchard\www.showdigs.co.uk\src\Orchard\DisplayManagement\Implementation\DisplayHelper.cs:line 86
   at Orchard.DisplayManagement.Implementation.DisplayHelper.Invoke(String name, INamedEnumerable`1 parameters) in e:\Orchard\www.showdigs.co.uk\src\Orchard\DisplayManagement\Implementation\DisplayHelper.cs:line 44
   at Orchard.DisplayManagement.Implementation.DisplayHelper.TryInvoke(InvokeBinder binder, Object[] args, Object& result) in e:\Orchard\www.showdigs.co.uk\src\Orchard\DisplayManagement\Implementation\DisplayHelper.cs:line 29
   at CallSite.Target(Closure , CallSite , Object , Object )
   at Orchard.Mvc.ViewEngines.ThemeAwareness.LayoutAwareViewEngine.<>c__DisplayClass7.<FindView>b__5(ViewContext viewContext, TextWriter writer, IViewDataContainer viewDataContainer) in e:\Orchard\www.showdigs.co.uk\src\Orchard\Mvc\ViewEngines\ThemeAwareness\LayoutAwareViewEngine.cs:line 63
   at Orchard.Mvc.ViewEngines.ThemeAwareness.LayoutAwareViewEngine.LayoutView.Render(ViewContext viewContext, TextWriter writer) in e:\Orchard\www.showdigs.co.uk\src\Orchard\Mvc\ViewEngines\ThemeAwareness\LayoutAwareViewEngine.cs:line 90
   at System.Web.Mvc.ViewResultBase.ExecuteResult(ControllerContext context)
   at System.Web.Mvc.ControllerActionInvoker.InvokeActionResult(ControllerContext controllerContext, ActionResult actionResult)
   at System.Web.Mvc.ControllerActionInvoker.InvokeActionResultFilterRecursive(IList`1 filters, Int32 filterIndex, ResultExecutingContext preContext, ControllerContext controllerContext, ActionResult actionResult)
   at System.Web.Mvc.ControllerActionInvoker.InvokeActionResultFilterRecursive(IList`1 filters, Int32 filterIndex, ResultExecutingContext preContext, ControllerContext controllerContext, ActionResult actionResult)
   at System.Web.Mvc.ControllerActionInvoker.InvokeActionResultFilterRecursive(IList`1 filters, Int32 filterIndex, ResultExecutingContext preContext, ControllerContext controllerContext, ActionResult actionResult)
   at System.Web.Mvc.ControllerActionInvoker.InvokeActionResultFilterRecursive(IList`1 filters, Int32 filterIndex, ResultExecutingContext preContext, ControllerContext controllerContext, ActionResult actionResult)
   at System.Web.Mvc.ControllerActionInvoker.InvokeActionResultFilterRecursive(IList`1 filters, Int32 filterIndex, ResultExecutingContext preContext, ControllerContext controllerContext, ActionResult actionResult)
   at System.Web.Mvc.ControllerActionInvoker.InvokeActionResultFilterRecursive(IList`1 filters, Int32 filterIndex, ResultExecutingContext preContext, ControllerContext controllerContext, ActionResult actionResult)
   at System.Web.Mvc.ControllerActionInvoker.InvokeActionResultFilterRecursive(IList`1 filters, Int32 filterIndex, ResultExecutingContext preContext, ControllerContext controllerContext, ActionResult actionResult)
   at System.Web.Mvc.ControllerActionInvoker.InvokeActionResultFilterRecursive(IList`1 filters, Int32 filterIndex, ResultExecutingContext preContext, ControllerContext controllerContext, ActionResult actionResult)
   at System.Web.Mvc.ControllerActionInvoker.InvokeActionResultFilterRecursive(IList`1 filters, Int32 filterIndex, ResultExecutingContext preContext, ControllerContext controllerContext, ActionResult actionResult)
