2015-04-27 13:05:45,541 [7] Orchard.Environment.Extensions.ExtensionManager - (null) - No suitable loader found for extension "ivNet.ShowDigs"
2015-04-27 13:10:27,334 [7] Orchard.Exceptions.DefaultExceptionPolicy - Default - An unexpected exception was caught
System.Runtime.InteropServices.ExternalException (0x80004005): A generic error occurred in GDI+.
   at System.Drawing.Image.Save(String filename, ImageCodecInfo encoder, EncoderParameters encoderParams)
   at ivNet.Listing.Helpers.ImageHelper.UploadImageThumbnail(HttpPostedFileBase file, String fileName, String filePath) in f:\Orchard\www.showdigs.co.uk\src\Orchard.Web\Modules\ivNet.Listing\Helpers\ImageHelper.cs:line 70
   at ivNet.Listing.Controllers.SecureSiteController.UploadFiles() in f:\Orchard\www.showdigs.co.uk\src\Orchard.Web\Modules\ivNet.Listing\Controllers\SecureSiteController.cs:line 71
   at lambda_method(Closure , ControllerBase , Object[] )
   at System.Web.Mvc.ActionMethodDispatcher.Execute(ControllerBase controller, Object[] parameters)
   at System.Web.Mvc.ReflectedActionDescriptor.Execute(ControllerContext controllerContext, IDictionary`2 parameters)
   at System.Web.Mvc.ControllerActionInvoker.InvokeActionMethod(ControllerContext controllerContext, ActionDescriptor actionDescriptor, IDictionary`2 parameters)
   at System.Web.Mvc.Async.AsyncControllerActionInvoker.ActionInvocation.InvokeSynchronousActionMethod()
   at System.Web.Mvc.Async.AsyncControllerActionInvoker.<BeginInvokeSynchronousActionMethod>b__39(IAsyncResult asyncResult, ActionInvocation innerInvokeState)
   at System.Web.Mvc.Async.AsyncResultWrapper.WrappedAsyncResult`2.CallEndDelegate(IAsyncResult asyncResult)
   at System.Web.Mvc.Async.AsyncResultWrapper.WrappedAsyncResultBase`1.End()
   at System.Web.Mvc.Async.AsyncResultWrapper.End[TResult](IAsyncResult asyncResult, Object tag)
   at System.Web.Mvc.Async.AsyncControllerActionInvoker.EndInvokeActionMethod(IAsyncResult asyncResult)
   at System.Web.Mvc.Async.AsyncControllerActionInvoker.AsyncInvocationWithFilters.<InvokeActionMethodFilterAsynchronouslyRecursive>b__3f()
   at System.Web.Mvc.Async.AsyncControllerActionInvoker.AsyncInvocationWithFilters.<>c__DisplayClass48.<InvokeActionMethodFilterAsynchronouslyRecursive>b__41()
   at System.Web.Mvc.Async.AsyncControllerActionInvoker.AsyncInvocationWithFilters.<>c__DisplayClass48.<InvokeActionMethodFilterAsynchronouslyRecursive>b__41()
   at System.Web.Mvc.Async.AsyncControllerActionInvoker.AsyncInvocationWithFilters.<>c__DisplayClass48.<InvokeActionMethodFilterAsynchronouslyRecursive>b__41()
2015-04-27 13:11:21,573 [7] Orchard.Environment.Extensions.ExtensionManager - (null) - No suitable loader found for extension "ivNet.ShowDigs"
2015-04-27 13:29:17,017 [7] Orchard.Environment.Extensions.ExtensionManager - (null) - No suitable loader found for extension "ivNet.ShowDigs"
2015-04-27 14:45:19,334 [7] Orchard.Environment.Extensions.ExtensionManager - (null) - No suitable loader found for extension "ivNet.ShowDigs"
2015-04-27 15:25:06,505 [7] Orchard.Environment.Extensions.ExtensionManager - (null) - No suitable loader found for extension "ivNet.ShowDigs"
2015-04-27 15:28:28,874 [7] Orchard.Environment.Extensions.ExtensionManager - (null) - No suitable loader found for extension "ivNet.ShowDigs"
2015-04-27 15:32:58,766 [7] Orchard.Environment.Extensions.ExtensionManager - (null) - No suitable loader found for extension "ivNet.ShowDigs"
2015-04-27 15:34:28,794 [7] Orchard.Environment.Extensions.ExtensionManager - (null) - No suitable loader found for extension "ivNet.ShowDigs"
2015-04-27 15:36:29,131 [7] Orchard.Exceptions.DefaultExceptionPolicy - Default - An unexpected exception was caught
System.OutOfMemoryException: Out of memory.
   at System.Drawing.Bitmap.Clone(Rectangle rect, PixelFormat format)
   at ivNet.Listing.Helpers.ImageHelper.CropImage(Image img, Rectangle cropArea) in f:\Orchard\www.showdigs.co.uk\src\Orchard.Web\Modules\ivNet.Listing\Helpers\ImageHelper.cs:line 108
   at ivNet.Listing.Helpers.ImageHelper.UploadImageThumbnail(HttpPostedFileBase file, String fileName, String filePath) in f:\Orchard\www.showdigs.co.uk\src\Orchard.Web\Modules\ivNet.Listing\Helpers\ImageHelper.cs:line 68
   at ivNet.Listing.Controllers.SecureSiteController.UploadFiles() in f:\Orchard\www.showdigs.co.uk\src\Orchard.Web\Modules\ivNet.Listing\Controllers\SecureSiteController.cs:line 71
   at lambda_method(Closure , ControllerBase , Object[] )
   at System.Web.Mvc.ActionMethodDispatcher.Execute(ControllerBase controller, Object[] parameters)
   at System.Web.Mvc.ReflectedActionDescriptor.Execute(ControllerContext controllerContext, IDictionary`2 parameters)
   at System.Web.Mvc.ControllerActionInvoker.InvokeActionMethod(ControllerContext controllerContext, ActionDescriptor actionDescriptor, IDictionary`2 parameters)
   at System.Web.Mvc.Async.AsyncControllerActionInvoker.ActionInvocation.InvokeSynchronousActionMethod()
   at System.Web.Mvc.Async.AsyncControllerActionInvoker.<BeginInvokeSynchronousActionMethod>b__39(IAsyncResult asyncResult, ActionInvocation innerInvokeState)
   at System.Web.Mvc.Async.AsyncResultWrapper.WrappedAsyncResult`2.CallEndDelegate(IAsyncResult asyncResult)
   at System.Web.Mvc.Async.AsyncResultWrapper.WrappedAsyncResultBase`1.End()
   at System.Web.Mvc.Async.AsyncResultWrapper.End[TResult](IAsyncResult asyncResult, Object tag)
   at System.Web.Mvc.Async.AsyncControllerActionInvoker.EndInvokeActionMethod(IAsyncResult asyncResult)
   at System.Web.Mvc.Async.AsyncControllerActionInvoker.AsyncInvocationWithFilters.<InvokeActionMethodFilterAsynchronouslyRecursive>b__3f()
   at System.Web.Mvc.Async.AsyncControllerActionInvoker.AsyncInvocationWithFilters.<>c__DisplayClass48.<InvokeActionMethodFilterAsynchronouslyRecursive>b__41()
   at System.Web.Mvc.Async.AsyncControllerActionInvoker.AsyncInvocationWithFilters.<>c__DisplayClass48.<InvokeActionMethodFilterAsynchronouslyRecursive>b__41()
   at System.Web.Mvc.Async.AsyncControllerActionInvoker.AsyncInvocationWithFilters.<>c__DisplayClass48.<InvokeActionMethodFilterAsynchronouslyRecursive>b__41()
2015-04-27 15:37:07,665 [15] Orchard.Exceptions.DefaultExceptionPolicy - Default - An unexpected exception was caught
System.OutOfMemoryException: Out of memory.
   at System.Drawing.Bitmap.Clone(Rectangle rect, PixelFormat format)
   at ivNet.Listing.Helpers.ImageHelper.CropImage(Image img, Rectangle cropArea) in f:\Orchard\www.showdigs.co.uk\src\Orchard.Web\Modules\ivNet.Listing\Helpers\ImageHelper.cs:line 108
   at ivNet.Listing.Helpers.ImageHelper.UploadImageThumbnail(HttpPostedFileBase file, String fileName, String filePath) in f:\Orchard\www.showdigs.co.uk\src\Orchard.Web\Modules\ivNet.Listing\Helpers\ImageHelper.cs:line 68
   at ivNet.Listing.Controllers.SecureSiteController.UploadFiles() in f:\Orchard\www.showdigs.co.uk\src\Orchard.Web\Modules\ivNet.Listing\Controllers\SecureSiteController.cs:line 71
   at lambda_method(Closure , ControllerBase , Object[] )
   at System.Web.Mvc.ActionMethodDispatcher.Execute(ControllerBase controller, Object[] parameters)
   at System.Web.Mvc.ReflectedActionDescriptor.Execute(ControllerContext controllerContext, IDictionary`2 parameters)
   at System.Web.Mvc.ControllerActionInvoker.InvokeActionMethod(ControllerContext controllerContext, ActionDescriptor actionDescriptor, IDictionary`2 parameters)
   at System.Web.Mvc.Async.AsyncControllerActionInvoker.ActionInvocation.InvokeSynchronousActionMethod()
   at System.Web.Mvc.Async.AsyncControllerActionInvoker.<BeginInvokeSynchronousActionMethod>b__39(IAsyncResult asyncResult, ActionInvocation innerInvokeState)
   at System.Web.Mvc.Async.AsyncResultWrapper.WrappedAsyncResult`2.CallEndDelegate(IAsyncResult asyncResult)
   at System.Web.Mvc.Async.AsyncResultWrapper.WrappedAsyncResultBase`1.End()
   at System.Web.Mvc.Async.AsyncResultWrapper.End[TResult](IAsyncResult asyncResult, Object tag)
   at System.Web.Mvc.Async.AsyncControllerActionInvoker.EndInvokeActionMethod(IAsyncResult asyncResult)
   at System.Web.Mvc.Async.AsyncControllerActionInvoker.AsyncInvocationWithFilters.<InvokeActionMethodFilterAsynchronouslyRecursive>b__3f()
   at System.Web.Mvc.Async.AsyncControllerActionInvoker.AsyncInvocationWithFilters.<>c__DisplayClass48.<InvokeActionMethodFilterAsynchronouslyRecursive>b__41()
   at System.Web.Mvc.Async.AsyncControllerActionInvoker.AsyncInvocationWithFilters.<>c__DisplayClass48.<InvokeActionMethodFilterAsynchronouslyRecursive>b__41()
   at System.Web.Mvc.Async.AsyncControllerActionInvoker.AsyncInvocationWithFilters.<>c__DisplayClass48.<InvokeActionMethodFilterAsynchronouslyRecursive>b__41()
2015-04-27 15:40:26,045 [7] Orchard.Environment.Extensions.ExtensionManager - (null) - No suitable loader found for extension "ivNet.ShowDigs"
2015-04-27 15:41:35,045 [7] Orchard.Environment.Extensions.ExtensionManager - (null) - No suitable loader found for extension "ivNet.ShowDigs"
2015-04-27 15:44:18,379 [7] Orchard.Environment.Extensions.ExtensionManager - (null) - No suitable loader found for extension "ivNet.ShowDigs"
2015-04-27 15:52:12,739 [7] Orchard.Environment.Extensions.ExtensionManager - (null) - No suitable loader found for extension "ivNet.ShowDigs"
2015-04-27 15:52:36,456 [9] Orchard.Environment.Extensions.ExtensionManager - (null) - No suitable loader found for extension "ivNet.ShowDigs"
2015-04-27 15:55:31,185 [7] Orchard.Environment.Extensions.ExtensionManager - (null) - No suitable loader found for extension "ivNet.ShowDigs"
2015-04-27 16:30:01,827 [7] Orchard.Environment.Extensions.ExtensionManager - (null) - No suitable loader found for extension "ivNet.ShowDigs"
2015-04-27 16:32:09,684 [7] Orchard.Environment.Extensions.ExtensionManager - (null) - No suitable loader found for extension "ivNet.ShowDigs"
2015-04-27 16:33:12,233 [8] Orchard.Exceptions.DefaultExceptionPolicy - Default - An unexpected exception was caught
System.OutOfMemoryException: Out of memory.
   at System.Drawing.Bitmap.Clone(Rectangle rect, PixelFormat format)
   at ivNet.Listing.Helpers.ImageHelper.CropImage(Image img, Rectangle cropArea) in f:\Orchard\www.showdigs.co.uk\src\Orchard.Web\Modules\ivNet.Listing\Helpers\ImageHelper.cs:line 155
   at ivNet.Listing.Helpers.ImageHelper.UploadImage(HttpPostedFileBase file, String fileName, String filePath, Int32 width, Int32 height) in f:\Orchard\www.showdigs.co.uk\src\Orchard.Web\Modules\ivNet.Listing\Helpers\ImageHelper.cs:line 115
   at ivNet.Listing.Controllers.SecureSiteController.UploadFiles() in f:\Orchard\www.showdigs.co.uk\src\Orchard.Web\Modules\ivNet.Listing\Controllers\SecureSiteController.cs:line 77
   at lambda_method(Closure , ControllerBase , Object[] )
   at System.Web.Mvc.ActionMethodDispatcher.Execute(ControllerBase controller, Object[] parameters)
   at System.Web.Mvc.ReflectedActionDescriptor.Execute(ControllerContext controllerContext, IDictionary`2 parameters)
   at System.Web.Mvc.ControllerActionInvoker.InvokeActionMethod(ControllerContext controllerContext, ActionDescriptor actionDescriptor, IDictionary`2 parameters)
   at System.Web.Mvc.Async.AsyncControllerActionInvoker.ActionInvocation.InvokeSynchronousActionMethod()
   at System.Web.Mvc.Async.AsyncControllerActionInvoker.<BeginInvokeSynchronousActionMethod>b__39(IAsyncResult asyncResult, ActionInvocation innerInvokeState)
   at System.Web.Mvc.Async.AsyncResultWrapper.WrappedAsyncResult`2.CallEndDelegate(IAsyncResult asyncResult)
   at System.Web.Mvc.Async.AsyncResultWrapper.WrappedAsyncResultBase`1.End()
   at System.Web.Mvc.Async.AsyncResultWrapper.End[TResult](IAsyncResult asyncResult, Object tag)
   at System.Web.Mvc.Async.AsyncControllerActionInvoker.EndInvokeActionMethod(IAsyncResult asyncResult)
   at System.Web.Mvc.Async.AsyncControllerActionInvoker.AsyncInvocationWithFilters.<InvokeActionMethodFilterAsynchronouslyRecursive>b__3f()
   at System.Web.Mvc.Async.AsyncControllerActionInvoker.AsyncInvocationWithFilters.<>c__DisplayClass48.<InvokeActionMethodFilterAsynchronouslyRecursive>b__41()
   at System.Web.Mvc.Async.AsyncControllerActionInvoker.AsyncInvocationWithFilters.<>c__DisplayClass48.<InvokeActionMethodFilterAsynchronouslyRecursive>b__41()
   at System.Web.Mvc.Async.AsyncControllerActionInvoker.AsyncInvocationWithFilters.<>c__DisplayClass48.<InvokeActionMethodFilterAsynchronouslyRecursive>b__41()
2015-04-27 16:33:56,773 [8] Orchard.Exceptions.DefaultExceptionPolicy - Default - An unexpected exception was caught
System.OutOfMemoryException: Out of memory.
   at System.Drawing.Bitmap.Clone(Rectangle rect, PixelFormat format)
   at ivNet.Listing.Helpers.ImageHelper.CropImage(Image img, Rectangle cropArea) in f:\Orchard\www.showdigs.co.uk\src\Orchard.Web\Modules\ivNet.Listing\Helpers\ImageHelper.cs:line 155
   at ivNet.Listing.Helpers.ImageHelper.UploadImage(HttpPostedFileBase file, String fileName, String filePath, Int32 width, Int32 height) in f:\Orchard\www.showdigs.co.uk\src\Orchard.Web\Modules\ivNet.Listing\Helpers\ImageHelper.cs:line 115
   at ivNet.Listing.Controllers.SecureSiteController.UploadFiles() in f:\Orchard\www.showdigs.co.uk\src\Orchard.Web\Modules\ivNet.Listing\Controllers\SecureSiteController.cs:line 77
   at lambda_method(Closure , ControllerBase , Object[] )
   at System.Web.Mvc.ActionMethodDispatcher.Execute(ControllerBase controller, Object[] parameters)
   at System.Web.Mvc.ReflectedActionDescriptor.Execute(ControllerContext controllerContext, IDictionary`2 parameters)
   at System.Web.Mvc.ControllerActionInvoker.InvokeActionMethod(ControllerContext controllerContext, ActionDescriptor actionDescriptor, IDictionary`2 parameters)
   at System.Web.Mvc.Async.AsyncControllerActionInvoker.ActionInvocation.InvokeSynchronousActionMethod()
   at System.Web.Mvc.Async.AsyncControllerActionInvoker.<BeginInvokeSynchronousActionMethod>b__39(IAsyncResult asyncResult, ActionInvocation innerInvokeState)
   at System.Web.Mvc.Async.AsyncResultWrapper.WrappedAsyncResult`2.CallEndDelegate(IAsyncResult asyncResult)
   at System.Web.Mvc.Async.AsyncResultWrapper.WrappedAsyncResultBase`1.End()
   at System.Web.Mvc.Async.AsyncResultWrapper.End[TResult](IAsyncResult asyncResult, Object tag)
   at System.Web.Mvc.Async.AsyncControllerActionInvoker.EndInvokeActionMethod(IAsyncResult asyncResult)
   at System.Web.Mvc.Async.AsyncControllerActionInvoker.AsyncInvocationWithFilters.<InvokeActionMethodFilterAsynchronouslyRecursive>b__3f()
   at System.Web.Mvc.Async.AsyncControllerActionInvoker.AsyncInvocationWithFilters.<>c__DisplayClass48.<InvokeActionMethodFilterAsynchronouslyRecursive>b__41()
   at System.Web.Mvc.Async.AsyncControllerActionInvoker.AsyncInvocationWithFilters.<>c__DisplayClass48.<InvokeActionMethodFilterAsynchronouslyRecursive>b__41()
   at System.Web.Mvc.Async.AsyncControllerActionInvoker.AsyncInvocationWithFilters.<>c__DisplayClass48.<InvokeActionMethodFilterAsynchronouslyRecursive>b__41()
2015-04-27 16:43:37,659 [7] Orchard.Environment.Extensions.ExtensionManager - (null) - No suitable loader found for extension "ivNet.ShowDigs"
2015-04-27 16:44:27,234 [10] Orchard.Exceptions.DefaultExceptionPolicy - Default - An unexpected exception was caught
System.OutOfMemoryException: Out of memory.
   at System.Drawing.Bitmap.Clone(Rectangle rect, PixelFormat format)
   at ivNet.Listing.Helpers.ImageHelper.CropImage(Image img, Rectangle cropArea) in f:\Orchard\www.showdigs.co.uk\src\Orchard.Web\Modules\ivNet.Listing\Helpers\ImageHelper.cs:line 156
   at ivNet.Listing.Helpers.ImageHelper.UploadImage(HttpPostedFileBase file, String fileName, String filePath, Int32 width, Int32 height) in f:\Orchard\www.showdigs.co.uk\src\Orchard.Web\Modules\ivNet.Listing\Helpers\ImageHelper.cs:line 116
   at ivNet.Listing.Controllers.SecureSiteController.UploadFiles() in f:\Orchard\www.showdigs.co.uk\src\Orchard.Web\Modules\ivNet.Listing\Controllers\SecureSiteController.cs:line 77
   at lambda_method(Closure , ControllerBase , Object[] )
   at System.Web.Mvc.ActionMethodDispatcher.Execute(ControllerBase controller, Object[] parameters)
   at System.Web.Mvc.ReflectedActionDescriptor.Execute(ControllerContext controllerContext, IDictionary`2 parameters)
   at System.Web.Mvc.ControllerActionInvoker.InvokeActionMethod(ControllerContext controllerContext, ActionDescriptor actionDescriptor, IDictionary`2 parameters)
   at System.Web.Mvc.Async.AsyncControllerActionInvoker.ActionInvocation.InvokeSynchronousActionMethod()
   at System.Web.Mvc.Async.AsyncControllerActionInvoker.<BeginInvokeSynchronousActionMethod>b__39(IAsyncResult asyncResult, ActionInvocation innerInvokeState)
   at System.Web.Mvc.Async.AsyncResultWrapper.WrappedAsyncResult`2.CallEndDelegate(IAsyncResult asyncResult)
   at System.Web.Mvc.Async.AsyncResultWrapper.WrappedAsyncResultBase`1.End()
   at System.Web.Mvc.Async.AsyncResultWrapper.End[TResult](IAsyncResult asyncResult, Object tag)
   at System.Web.Mvc.Async.AsyncControllerActionInvoker.EndInvokeActionMethod(IAsyncResult asyncResult)
   at System.Web.Mvc.Async.AsyncControllerActionInvoker.AsyncInvocationWithFilters.<InvokeActionMethodFilterAsynchronouslyRecursive>b__3f()
   at System.Web.Mvc.Async.AsyncControllerActionInvoker.AsyncInvocationWithFilters.<>c__DisplayClass48.<InvokeActionMethodFilterAsynchronouslyRecursive>b__41()
   at System.Web.Mvc.Async.AsyncControllerActionInvoker.AsyncInvocationWithFilters.<>c__DisplayClass48.<InvokeActionMethodFilterAsynchronouslyRecursive>b__41()
   at System.Web.Mvc.Async.AsyncControllerActionInvoker.AsyncInvocationWithFilters.<>c__DisplayClass48.<InvokeActionMethodFilterAsynchronouslyRecursive>b__41()
2015-04-27 16:47:25,083 [10] Orchard.Exceptions.DefaultExceptionPolicy - Default - An unexpected exception was caught
System.OutOfMemoryException: Out of memory.
   at System.Drawing.Bitmap.Clone(Rectangle rect, PixelFormat format)
   at ivNet.Listing.Helpers.ImageHelper.CropImage(Image img, Rectangle cropArea) in f:\Orchard\www.showdigs.co.uk\src\Orchard.Web\Modules\ivNet.Listing\Helpers\ImageHelper.cs:line 156
   at ivNet.Listing.Helpers.ImageHelper.UploadImage(HttpPostedFileBase file, String fileName, String filePath, Int32 width, Int32 height) in f:\Orchard\www.showdigs.co.uk\src\Orchard.Web\Modules\ivNet.Listing\Helpers\ImageHelper.cs:line 116
   at ivNet.Listing.Controllers.SecureSiteController.UploadFiles() in f:\Orchard\www.showdigs.co.uk\src\Orchard.Web\Modules\ivNet.Listing\Controllers\SecureSiteController.cs:line 77
   at lambda_method(Closure , ControllerBase , Object[] )
   at System.Web.Mvc.ActionMethodDispatcher.Execute(ControllerBase controller, Object[] parameters)
   at System.Web.Mvc.ReflectedActionDescriptor.Execute(ControllerContext controllerContext, IDictionary`2 parameters)
   at System.Web.Mvc.ControllerActionInvoker.InvokeActionMethod(ControllerContext controllerContext, ActionDescriptor actionDescriptor, IDictionary`2 parameters)
   at System.Web.Mvc.Async.AsyncControllerActionInvoker.ActionInvocation.InvokeSynchronousActionMethod()
   at System.Web.Mvc.Async.AsyncControllerActionInvoker.<BeginInvokeSynchronousActionMethod>b__39(IAsyncResult asyncResult, ActionInvocation innerInvokeState)
   at System.Web.Mvc.Async.AsyncResultWrapper.WrappedAsyncResult`2.CallEndDelegate(IAsyncResult asyncResult)
   at System.Web.Mvc.Async.AsyncResultWrapper.WrappedAsyncResultBase`1.End()
   at System.Web.Mvc.Async.AsyncResultWrapper.End[TResult](IAsyncResult asyncResult, Object tag)
   at System.Web.Mvc.Async.AsyncControllerActionInvoker.EndInvokeActionMethod(IAsyncResult asyncResult)
   at System.Web.Mvc.Async.AsyncControllerActionInvoker.AsyncInvocationWithFilters.<InvokeActionMethodFilterAsynchronouslyRecursive>b__3f()
   at System.Web.Mvc.Async.AsyncControllerActionInvoker.AsyncInvocationWithFilters.<>c__DisplayClass48.<InvokeActionMethodFilterAsynchronouslyRecursive>b__41()
   at System.Web.Mvc.Async.AsyncControllerActionInvoker.AsyncInvocationWithFilters.<>c__DisplayClass48.<InvokeActionMethodFilterAsynchronouslyRecursive>b__41()
   at System.Web.Mvc.Async.AsyncControllerActionInvoker.AsyncInvocationWithFilters.<>c__DisplayClass48.<InvokeActionMethodFilterAsynchronouslyRecursive>b__41()
2015-04-27 16:53:32,830 [7] Orchard.Environment.Extensions.ExtensionManager - (null) - No suitable loader found for extension "ivNet.ShowDigs"
2015-04-27 16:56:32,604 [7] Orchard.Environment.Extensions.ExtensionManager - (null) - No suitable loader found for extension "ivNet.ShowDigs"
